2019-12-31T07:17:41.370Z - info: POST /api/member/login 200 41 - 3.054 ms
2019-12-31T07:17:49.056Z - info: GET /api/member/sms/send?phone=18277305020 200 54 - 543.969 ms
2019-12-31T07:18:42.197Z - info: POST /api/member/login 200 428 - 112.691 ms
2019-12-31T07:18:43.575Z - info: POST /api/member/list   -  ms
2019-12-31T07:19:02.395Z - info: POST /api/member/list 401 40 - 1.499 ms
2019-12-31T07:19:43.873Z - info: POST /api/member/list   -  ms
2019-12-31T07:19:53.819Z - info: POST /api/member/login 200 428 - 2.446 ms
2019-12-31T07:34:54.413Z - info: POST /api/member/login 200 41 - 3.495 ms
2019-12-31T07:35:02.407Z - info: GET /api/member/sms/send?phone=18277305020 200 54 - 493.370 ms
2019-12-31T07:35:18.903Z - info: POST /api/member/login 200 428 - 83.633 ms
2019-12-31T07:35:57.947Z - info: POST /api/member/login 200 428 - 71.330 ms
2019-12-31T07:36:12.008Z - info: POST /api/member/login 200 41 - 1.101 ms
2019-12-31T07:39:16.411Z - info: POST /api/member/list   -  ms
2019-12-31T07:47:43.591Z - info: POST /api/member/login 200 41 - 4.106 ms
2019-12-31T07:48:14.910Z - info: GET /api/member/sms/send?phone=18277305020 200 54 - 465.127 ms
2019-12-31T07:48:28.646Z - info: POST /api/member/login 200 487 - 82.630 ms
2019-12-31T07:49:16.690Z - info: POST /api/member/login 200 487 - 78.884 ms
2019-12-31T07:51:49.422Z - info: POST /api/member/login 200 487 - 77.065 ms
2019-12-31T07:54:34.468Z - info: POST /api/member/list 200 322 - 85.543 ms
2019-12-31T07:54:54.549Z - error: uncaughtException: Unexpected token ',' date=Tue Dec 31 2019 15:54:54 GMT+0800 (GMT+08:00), pid=8548, uid=null, gid=null, cwd=E:\WebstormProjects\app-backend-test, execPath=C:\Program Files\nodejs\node.exe, version=v12.13.1, argv=[C:\Program Files\nodejs\node.exe, E:\WebstormProjects\app-backend-test\server.js], rss=71577600, heapTotal=58675200, heapUsed=37542912, external=2027293, loadavg=[0, 0, 0], uptime=109547, trace=[column=18, file=internal/modules/cjs/loader.js, function=Module._compile, line=895, method=_compile, native=false, column=10, file=internal/modules/cjs/loader.js, function=Module._extensions..js, line=995, method=.js, native=false, column=32, file=internal/modules/cjs/loader.js, function=Module.load, line=815, method=load, native=false, column=14, file=internal/modules/cjs/loader.js, function=Module._load, line=727, method=_load, native=false, column=19, file=internal/modules/cjs/loader.js, function=Module.require, line=852, method=require, native=false, column=18, file=internal/modules/cjs/helpers.js, function=require, line=74, method=null, native=false, column=46, file=E:\WebstormProjects\app-backend-test\server\routes\member.js, function=null, line=4, method=null, native=false, column=30, file=internal/modules/cjs/loader.js, function=Module._compile, line=959, method=_compile, native=false, column=10, file=internal/modules/cjs/loader.js, function=Module._extensions..js, line=995, method=.js, native=false, column=32, file=internal/modules/cjs/loader.js, function=Module.load, line=815, method=load, native=false], stack=[E:\WebstormProjects\app-backend-test\server\controller\MemberController.js:110,                 total:total.,,                             ^, , SyntaxError: Unexpected token ',',     at Module._compile (internal/modules/cjs/loader.js:895:18),     at Object.Module._extensions..js (internal/modules/cjs/loader.js:995:10),     at Module.load (internal/modules/cjs/loader.js:815:32),     at Function.Module._load (internal/modules/cjs/loader.js:727:14),     at Module.require (internal/modules/cjs/loader.js:852:19),     at require (internal/modules/cjs/helpers.js:74:18),     at Object.<anonymous> (E:\WebstormProjects\app-backend-test\server\routes\member.js:4:46),     at Module._compile (internal/modules/cjs/loader.js:959:30),     at Object.Module._extensions..js (internal/modules/cjs/loader.js:995:10),     at Module.load (internal/modules/cjs/loader.js:815:32)]
2019-12-31T07:55:03.174Z - info: POST /api/member/list 200 298 - 71.799 ms
2019-12-31T07:55:08.338Z - info: POST /api/member/list 200 298 - 4.401 ms
2019-12-31T07:55:22.457Z - info: POST /api/member/list 200 322 - 72.358 ms
2019-12-31T07:55:40.407Z - info: POST /api/member/list 200 310 - 172.927 ms
2019-12-31T07:56:10.537Z - info: POST /api/member/list 200 308 - 78.390 ms
2019-12-31T07:57:01.015Z - info: POST /api/member/list 200 327 - 7.001 ms
2019-12-31T07:57:03.769Z - info: POST /api/member/list 200 327 - 5.135 ms
2019-12-31T07:57:15.846Z - info: POST /api/member/list 200 327 - 8.036 ms
2019-12-31T07:57:21.072Z - info: POST /api/member/list 200 308 - 4.312 ms
2019-12-31T07:57:23.126Z - info: POST /api/member/list 200 308 - 5.901 ms
2019-12-31T07:57:24.635Z - info: POST /api/member/list 200 308 - 6.231 ms
2019-12-31T07:58:00.865Z - info: POST /api/member/login 200 41 - 1.924 ms
2019-12-31T07:58:17.205Z - info: GET /api/member/sms/send?phone=18277305020 200 54 - 544.818 ms
2019-12-31T07:58:38.287Z - info: POST /api/member/login 200 41 - 0.660 ms
2019-12-31T07:58:52.073Z - info: GET /api/member/sms/send?phone=18277305020 200 65 - 0.638 ms
2019-12-31T07:58:56.285Z - info: GET /api/member/sms/send?phone=18277305020 200 65 - 3.215 ms
2019-12-31T08:01:23.675Z - info: GET /api/member/sms/send?phone=18277305020 200 65 - 0.808 ms
2019-12-31T08:01:38.216Z - info: POST /api/member/login 200 487 - 4.161 ms
2019-12-31T08:01:56.216Z - info: POST /api/member/list 200 308 - 3.926 ms
2019-12-31T08:02:26.369Z - info: POST /api/member/list 200 327 - 4.839 ms
2019-12-31T08:03:23.321Z - info: POST /api/member/list 500 45 - 246.724 ms
2019-12-31T08:03:59.173Z - info: POST /api/member/list 500 45 - 6.160 ms
2019-12-31T08:04:37.294Z - info: POST /api/member/list 500 45 - 83.202 ms
2019-12-31T08:05:38.006Z - info: POST /api/member/list 500 45 - 83.751 ms
2019-12-31T08:06:27.418Z - info: POST /api/member/list 500 45 - 88.514 ms
2019-12-31T08:06:36.061Z - info: POST /api/member/list 500 45 - 23.402 ms
2019-12-31T08:06:43.956Z - info: POST /api/member/list 500 45 - 5.700 ms
2019-12-31T08:07:01.055Z - info: POST /api/member/list 200 327 - 75.268 ms
2019-12-31T08:07:09.083Z - info: POST /api/member/list 200 69 - 6.151 ms
2019-12-31T08:07:53.674Z - info: POST /api/member/list 200 69 - 6.784 ms
2019-12-31T08:08:16.714Z - info: POST /api/member/list 401 40 - 1.468 ms
2019-12-31T08:09:04.028Z - info: POST /api/member/list 200 69 - 5.123 ms
2019-12-31T08:09:09.475Z - info: POST /api/member/list 200 327 - 12.352 ms
2019-12-31T08:10:41.586Z - info: POST /api/member/list 200 327 - 4.341 ms
2019-12-31T09:25:20.723Z - error: uncaughtException: Route.post() requires a callback function but got a [object Object] date=Tue Dec 31 2019 17:25:20 GMT+0800 (GMT+08:00), pid=7240, uid=null, gid=null, cwd=E:\WebstormProjects\app-backend-test, execPath=C:\Program Files\nodejs\node.exe, version=v12.13.1, argv=[C:\Program Files\nodejs\node.exe, E:\WebstormProjects\app-backend-test\server.js], rss=97501184, heapTotal=72331264, heapUsed=51937328, external=2318675, loadavg=[0, 0, 0], uptime=114973, trace=[column=15, file=E:\WebstormProjects\app-backend-test\node_modules\express\lib\router\route.js, function=Route.<computed> [as post], line=202, method=<computed> [as post], native=false, column=19, file=E:\WebstormProjects\app-backend-test\node_modules\express\lib\router\index.js, function=Function.proto.<computed> [as post], line=510, method=<computed> [as post], native=false, column=8, file=E:\WebstormProjects\app-backend-test\server\routes\member.js, function=null, line=21, method=null, native=false, column=30, file=internal/modules/cjs/loader.js, function=Module._compile, line=959, method=_compile, native=false, column=10, file=internal/modules/cjs/loader.js, function=Module._extensions..js, line=995, method=.js, native=false, column=32, file=internal/modules/cjs/loader.js, function=Module.load, line=815, method=load, native=false, column=14, file=internal/modules/cjs/loader.js, function=Module._load, line=727, method=_load, native=false, column=19, file=internal/modules/cjs/loader.js, function=Module.require, line=852, method=require, native=false, column=18, file=internal/modules/cjs/helpers.js, function=require, line=74, method=null, native=false, column=28, file=E:\WebstormProjects\app-backend-test\server\config\route-config.js, function=Object.routeConfig.init, line=6, method=init, native=false, column=17, file=E:\WebstormProjects\app-backend-test\server\app.js, function=null, line=40, method=null, native=false, column=3, file=E:\WebstormProjects\app-backend-test\server\app.js, function=null, line=45, method=null, native=false, column=30, file=internal/modules/cjs/loader.js, function=Module._compile, line=959, method=_compile, native=false, column=10, file=internal/modules/cjs/loader.js, function=Module._extensions..js, line=995, method=.js, native=false, column=32, file=internal/modules/cjs/loader.js, function=Module.load, line=815, method=load, native=false, column=14, file=internal/modules/cjs/loader.js, function=Module._load, line=727, method=_load, native=false], stack=[Error: Route.post() requires a callback function but got a [object Object],     at Route.<computed> [as post] (E:\WebstormProjects\app-backend-test\node_modules\express\lib\router\route.js:202:15),     at Function.proto.<computed> [as post] (E:\WebstormProjects\app-backend-test\node_modules\express\lib\router\index.js:510:19),     at Object.<anonymous> (E:\WebstormProjects\app-backend-test\server\routes\member.js:21:8),     at Module._compile (internal/modules/cjs/loader.js:959:30),     at Object.Module._extensions..js (internal/modules/cjs/loader.js:995:10),     at Module.load (internal/modules/cjs/loader.js:815:32),     at Function.Module._load (internal/modules/cjs/loader.js:727:14),     at Module.require (internal/modules/cjs/loader.js:852:19),     at require (internal/modules/cjs/helpers.js:74:18),     at Object.routeConfig.init (E:\WebstormProjects\app-backend-test\server\config\route-config.js:6:28),     at E:\WebstormProjects\app-backend-test\server\app.js:40:17,     at Object.<anonymous> (E:\WebstormProjects\app-backend-test\server\app.js:45:3),     at Module._compile (internal/modules/cjs/loader.js:959:30),     at Object.Module._extensions..js (internal/modules/cjs/loader.js:995:10),     at Module.load (internal/modules/cjs/loader.js:815:32),     at Function.Module._load (internal/modules/cjs/loader.js:727:14)]
2019-12-31T09:26:45.289Z - info: POST /api/member/test 404 55 - 24.772 ms
2019-12-31T09:26:59.425Z - info: POST /api/member/test 404 55 - 3.533 ms
2019-12-31T09:27:21.889Z - info: POST /api/member/test 404 55 - 6.895 ms
2019-12-31T09:27:48.387Z - info: POST /api/member/test 404 55 - 6.967 ms
2019-12-31T09:28:04.323Z - info: POST /api/member/test 404 55 - 7.737 ms
2019-12-31T09:29:58.691Z - info: POST /api/member/test   -  ms
2019-12-31T09:34:14.067Z - info: POST /api/member/test   -  ms
2019-12-31T09:35:31.779Z - info: POST /api/member/test 200 29 - 3.086 ms
2019-12-31T09:35:50.892Z - info: POST /api/member/test 200 29 - 0.421 ms
2019-12-31T09:41:20.682Z - info: POST /api/member/test 404 55 - 6.797 ms
2019-12-31T09:41:27.644Z - info: POST /api/member/test 200 42 - 1.887 ms
2019-12-31T09:45:30.485Z - error: uncaughtException: Route.post() requires a callback function but got a [object Promise] date=Tue Dec 31 2019 17:45:30 GMT+0800 (GMT+08:00), pid=11444, uid=null, gid=null, cwd=E:\WebstormProjects\app-backend-test, execPath=C:\Program Files\nodejs\node.exe, version=v12.13.1, argv=[C:\Program Files\nodejs\node.exe, E:\WebstormProjects\app-backend-test\server.js], rss=99074048, heapTotal=73904128, heapUsed=48649504, external=1896253, loadavg=[0, 0, 0], uptime=116182, trace=[column=15, file=E:\WebstormProjects\app-backend-test\node_modules\express\lib\router\route.js, function=Route.<computed> [as post], line=202, method=<computed> [as post], native=false, column=19, file=E:\WebstormProjects\app-backend-test\node_modules\express\lib\router\index.js, function=Function.proto.<computed> [as post], line=510, method=<computed> [as post], native=false, column=8, file=E:\WebstormProjects\app-backend-test\server\routes\member.js, function=null, line=21, method=null, native=false, column=30, file=internal/modules/cjs/loader.js, function=Module._compile, line=959, method=_compile, native=false, column=10, file=internal/modules/cjs/loader.js, function=Module._extensions..js, line=995, method=.js, native=false, column=32, file=internal/modules/cjs/loader.js, function=Module.load, line=815, method=load, native=false, column=14, file=internal/modules/cjs/loader.js, function=Module._load, line=727, method=_load, native=false, column=19, file=internal/modules/cjs/loader.js, function=Module.require, line=852, method=require, native=false, column=18, file=internal/modules/cjs/helpers.js, function=require, line=74, method=null, native=false, column=28, file=E:\WebstormProjects\app-backend-test\server\config\route-config.js, function=Object.routeConfig.init, line=6, method=init, native=false, column=17, file=E:\WebstormProjects\app-backend-test\server\app.js, function=null, line=40, method=null, native=false, column=3, file=E:\WebstormProjects\app-backend-test\server\app.js, function=null, line=45, method=null, native=false, column=30, file=internal/modules/cjs/loader.js, function=Module._compile, line=959, method=_compile, native=false, column=10, file=internal/modules/cjs/loader.js, function=Module._extensions..js, line=995, method=.js, native=false, column=32, file=internal/modules/cjs/loader.js, function=Module.load, line=815, method=load, native=false, column=14, file=internal/modules/cjs/loader.js, function=Module._load, line=727, method=_load, native=false], stack=[Error: Route.post() requires a callback function but got a [object Promise],     at Route.<computed> [as post] (E:\WebstormProjects\app-backend-test\node_modules\express\lib\router\route.js:202:15),     at Function.proto.<computed> [as post] (E:\WebstormProjects\app-backend-test\node_modules\express\lib\router\index.js:510:19),     at Object.<anonymous> (E:\WebstormProjects\app-backend-test\server\routes\member.js:21:8),     at Module._compile (internal/modules/cjs/loader.js:959:30),     at Object.Module._extensions..js (internal/modules/cjs/loader.js:995:10),     at Module.load (internal/modules/cjs/loader.js:815:32),     at Function.Module._load (internal/modules/cjs/loader.js:727:14),     at Module.require (internal/modules/cjs/loader.js:852:19),     at require (internal/modules/cjs/helpers.js:74:18),     at Object.routeConfig.init (E:\WebstormProjects\app-backend-test\server\config\route-config.js:6:28),     at E:\WebstormProjects\app-backend-test\server\app.js:40:17,     at Object.<anonymous> (E:\WebstormProjects\app-backend-test\server\app.js:45:3),     at Module._compile (internal/modules/cjs/loader.js:959:30),     at Object.Module._extensions..js (internal/modules/cjs/loader.js:995:10),     at Module.load (internal/modules/cjs/loader.js:815:32),     at Function.Module._load (internal/modules/cjs/loader.js:727:14)]
2019-12-31T09:47:30.983Z - error: uncaughtException: Identifier 'ruleData' has already been declared date=Tue Dec 31 2019 17:47:30 GMT+0800 (GMT+08:00), pid=12208, uid=null, gid=null, cwd=E:\WebstormProjects\app-backend-test, execPath=C:\Program Files\nodejs\node.exe, version=v12.13.1, argv=[C:\Program Files\nodejs\node.exe, E:\WebstormProjects\app-backend-test\server.js], rss=97845248, heapTotal=72331264, heapUsed=51994184, external=2310483, loadavg=[0, 0, 0], uptime=116303, trace=[column=18, file=internal/modules/cjs/loader.js, function=Module._compile, line=895, method=_compile, native=false, column=10, file=internal/modules/cjs/loader.js, function=Module._extensions..js, line=995, method=.js, native=false, column=32, file=internal/modules/cjs/loader.js, function=Module.load, line=815, method=load, native=false, column=14, file=internal/modules/cjs/loader.js, function=Module._load, line=727, method=_load, native=false, column=19, file=internal/modules/cjs/loader.js, function=Module.require, line=852, method=require, native=false, column=18, file=internal/modules/cjs/helpers.js, function=require, line=74, method=null, native=false, column=17, file=E:\WebstormProjects\app-backend-test\server\routes\member.js, function=null, line=7, method=null, native=false, column=30, file=internal/modules/cjs/loader.js, function=Module._compile, line=959, method=_compile, native=false, column=10, file=internal/modules/cjs/loader.js, function=Module._extensions..js, line=995, method=.js, native=false, column=32, file=internal/modules/cjs/loader.js, function=Module.load, line=815, method=load, native=false, column=14, file=internal/modules/cjs/loader.js, function=Module._load, line=727, method=_load, native=false, column=19, file=internal/modules/cjs/loader.js, function=Module.require, line=852, method=require, native=false, column=18, file=internal/modules/cjs/helpers.js, function=require, line=74, method=null, native=false, column=28, file=E:\WebstormProjects\app-backend-test\server\config\route-config.js, function=Object.routeConfig.init, line=6, method=init, native=false, column=17, file=E:\WebstormProjects\app-backend-test\server\app.js, function=null, line=40, method=null, native=false, column=3, file=E:\WebstormProjects\app-backend-test\server\app.js, function=null, line=45, method=null, native=false], stack=[E:\WebstormProjects\app-backend-test\server\middleware\rules.js:6,     let ruleData = [,         ^, , SyntaxError: Identifier 'ruleData' has already been declared,     at Module._compile (internal/modules/cjs/loader.js:895:18),     at Object.Module._extensions..js (internal/modules/cjs/loader.js:995:10),     at Module.load (internal/modules/cjs/loader.js:815:32),     at Function.Module._load (internal/modules/cjs/loader.js:727:14),     at Module.require (internal/modules/cjs/loader.js:852:19),     at require (internal/modules/cjs/helpers.js:74:18),     at Object.<anonymous> (E:\WebstormProjects\app-backend-test\server\routes\member.js:7:17),     at Module._compile (internal/modules/cjs/loader.js:959:30),     at Object.Module._extensions..js (internal/modules/cjs/loader.js:995:10),     at Module.load (internal/modules/cjs/loader.js:815:32),     at Function.Module._load (internal/modules/cjs/loader.js:727:14),     at Module.require (internal/modules/cjs/loader.js:852:19),     at require (internal/modules/cjs/helpers.js:74:18),     at Object.routeConfig.init (E:\WebstormProjects\app-backend-test\server\config\route-config.js:6:28),     at E:\WebstormProjects\app-backend-test\server\app.js:40:17,     at Object.<anonymous> (E:\WebstormProjects\app-backend-test\server\app.js:45:3)]
