2020-01-03T02:15:13.991Z - info: OPTIONS /api/member/list 200 4 - 2.117 ms
2020-01-03T02:15:14.012Z - info: POST /api/member/list 401 40 - 1.692 ms
2020-01-03T02:15:19.672Z - info: OPTIONS /api/member/sms/send?phone=18277305020 200 8 - 0.464 ms
2020-01-03T02:15:20.148Z - info: GET /api/member/sms/send?phone=18277305020 200 54 - 471.783 ms
2020-01-03T02:15:29.109Z - info: OPTIONS /api/member/login 200 4 - 0.337 ms
2020-01-03T02:15:29.235Z - info: POST /api/member/login 200 507 - 123.256 ms
2020-01-03T02:15:30.038Z - info: OPTIONS /api/member/list 200 4 - 0.409 ms
2020-01-03T02:15:30.075Z - info: POST /api/member/list 200 345 - 10.484 ms
2020-01-03T02:15:41.323Z - info: OPTIONS /api/member/update 200 4 - 0.811 ms
2020-01-03T02:15:41.341Z - info: POST /api/member/update 200 45 - 12.450 ms
2020-01-03T02:15:41.375Z - info: OPTIONS /api/member/list 200 4 - 0.272 ms
2020-01-03T02:15:41.384Z - info: POST /api/member/list 200 329 - 4.231 ms
2020-01-03T02:18:18.617Z - info: OPTIONS /api/member/sms/send?phone=15278524724 200 8 - 0.314 ms
2020-01-03T02:18:19.045Z - info: GET /api/member/sms/send?phone=15278524724 200 54 - 424.884 ms
2020-01-03T02:18:52.683Z - info: OPTIONS /api/member/create 200 4 - 0.348 ms
2020-01-03T02:18:52.711Z - info: POST /api/member/create 200 328 - 25.403 ms
2020-01-03T02:18:58.994Z - info: OPTIONS /api/member/list 200 4 - 0.216 ms
2020-01-03T02:18:59.033Z - info: POST /api/member/list 200 604 - 8.828 ms
2020-01-03T02:19:08.355Z - info: OPTIONS /api/member/update 200 4 - 0.282 ms
2020-01-03T02:19:08.364Z - info: POST /api/member/update 200 45 - 7.945 ms
2020-01-03T02:19:08.405Z - info: OPTIONS /api/member/list 200 4 - 1.008 ms
2020-01-03T02:19:08.418Z - info: POST /api/member/list 200 602 - 3.910 ms
2020-01-03T02:19:38.227Z - info: OPTIONS /api/member/list 200 4 - 0.269 ms
2020-01-03T02:19:38.271Z - info: POST /api/member/list 200 602 - 8.962 ms
2020-01-03T02:21:33.507Z - info: OPTIONS /api/member/list 200 4 - 0.354 ms
2020-01-03T02:21:33.550Z - info: POST /api/member/list 200 602 - 5.936 ms
2020-01-03T02:21:39.561Z - info: OPTIONS /api/member/update 200 4 - 0.306 ms
2020-01-03T02:21:39.568Z - info: POST /api/member/update 200 45 - 4.883 ms
2020-01-03T02:21:39.629Z - info: OPTIONS /api/member/list 200 4 - 0.241 ms
2020-01-03T02:21:39.644Z - info: POST /api/member/list 200 602 - 7.065 ms
2020-01-03T02:22:55.173Z - info: OPTIONS /api/member/list 200 4 - 0.266 ms
2020-01-03T02:22:55.210Z - info: POST /api/member/list 200 602 - 5.813 ms
2020-01-03T02:23:02.648Z - info: OPTIONS /api/member/update 200 4 - 0.212 ms
2020-01-03T02:23:02.658Z - info: POST /api/member/update 200 45 - 7.456 ms
2020-01-03T02:23:02.687Z - info: OPTIONS /api/member/list 200 4 - 0.254 ms
2020-01-03T02:23:02.695Z - info: POST /api/member/list 200 603 - 4.043 ms
2020-01-03T02:24:06.008Z - info: OPTIONS /api/member/list 200 4 - 0.300 ms
2020-01-03T02:24:06.045Z - info: POST /api/member/list 200 603 - 6.805 ms
2020-01-03T02:25:57.325Z - info: OPTIONS /api/member/update 200 4 - 0.211 ms
2020-01-03T02:25:57.335Z - info: POST /api/member/update 200 45 - 8.431 ms
2020-01-03T02:25:57.366Z - info: OPTIONS /api/member/list 200 4 - 0.253 ms
2020-01-03T02:25:57.376Z - info: POST /api/member/list 200 602 - 4.535 ms
2020-01-03T02:26:23.240Z - info: OPTIONS /api/member/list 200 4 - 0.254 ms
2020-01-03T02:26:23.271Z - info: POST /api/member/list 200 602 - 4.756 ms
2020-01-03T02:26:25.332Z - info: POST /api/member/list 200 602 - 4.313 ms
2020-01-03T02:26:29.809Z - info: OPTIONS /api/member/update 200 4 - 0.243 ms
2020-01-03T02:26:29.821Z - info: POST /api/member/update 200 45 - 6.654 ms
2020-01-03T02:26:29.874Z - info: OPTIONS /api/member/list 200 4 - 0.305 ms
2020-01-03T02:26:29.885Z - info: POST /api/member/list 200 603 - 4.604 ms
2020-01-03T02:28:33.767Z - info: OPTIONS /api/member/list 200 4 - 0.273 ms
2020-01-03T02:28:33.808Z - info: POST /api/member/list 200 603 - 6.282 ms
2020-01-03T02:28:55.016Z - info: OPTIONS /api/member/list 200 4 - 0.267 ms
2020-01-03T02:28:55.060Z - info: POST /api/member/list 200 603 - 6.639 ms
2020-01-03T02:29:04.288Z - info: OPTIONS /api/member/update 200 4 - 0.328 ms
2020-01-03T02:29:04.304Z - info: POST /api/member/update 200 45 - 7.755 ms
2020-01-03T02:29:04.333Z - info: OPTIONS /api/member/list 200 4 - 0.232 ms
2020-01-03T02:29:04.343Z - info: POST /api/member/list 200 605 - 3.772 ms
2020-01-03T02:29:23.233Z - info: OPTIONS /api/member/update 200 4 - 0.265 ms
2020-01-03T02:29:23.246Z - info: POST /api/member/update 200 45 - 8.583 ms
2020-01-03T02:29:23.269Z - info: OPTIONS /api/member/list 200 4 - 0.221 ms
2020-01-03T02:29:23.280Z - info: POST /api/member/list 200 605 - 4.896 ms
2020-01-03T02:31:03.153Z - info: OPTIONS /api/member/list 200 4 - 0.237 ms
2020-01-03T02:31:03.190Z - info: POST /api/member/list 200 605 - 5.317 ms
2020-01-03T02:31:09.718Z - info: OPTIONS /api/member/list 200 4 - 0.229 ms
2020-01-03T02:31:09.748Z - info: POST /api/member/list 200 605 - 5.237 ms
2020-01-03T02:32:00.901Z - info: OPTIONS /api/member/list 200 4 - 0.207 ms
2020-01-03T02:32:00.942Z - info: POST /api/member/list 200 605 - 4.741 ms
2020-01-03T02:32:10.527Z - info: OPTIONS /api/member/list 200 4 - 0.268 ms
2020-01-03T02:32:10.567Z - info: POST /api/member/list 200 605 - 9.601 ms
2020-01-03T02:32:15.135Z - info: OPTIONS /api/member/update 200 4 - 0.205 ms
2020-01-03T02:32:15.145Z - info: POST /api/member/update 200 45 - 7.822 ms
2020-01-03T02:32:15.197Z - info: POST /api/member/list 200 603 - 5.043 ms
2020-01-03T02:33:30.381Z - info: OPTIONS /api/member/list 200 4 - 0.256 ms
2020-01-03T02:33:30.418Z - info: POST /api/member/list 200 603 - 5.009 ms
2020-01-03T02:34:14.879Z - info: OPTIONS /api/member/list 200 4 - 0.249 ms
2020-01-03T02:34:14.918Z - info: POST /api/member/list 200 603 - 7.199 ms
2020-01-03T02:34:24.473Z - info: OPTIONS /api/member/update 200 4 - 0.294 ms
2020-01-03T02:34:24.491Z - info: POST /api/member/update 200 45 - 14.221 ms
2020-01-03T02:34:24.522Z - info: OPTIONS /api/member/list 200 4 - 0.257 ms
2020-01-03T02:34:24.531Z - info: POST /api/member/list 200 604 - 3.830 ms
2020-01-03T02:35:34.467Z - info: OPTIONS /api/member/list 200 4 - 0.257 ms
2020-01-03T02:35:34.504Z - info: POST /api/member/list 200 604 - 7.923 ms
2020-01-03T02:35:53.704Z - info: OPTIONS /api/member/list 200 4 - 0.224 ms
2020-01-03T02:35:53.746Z - info: POST /api/member/list 200 604 - 12.532 ms
2020-01-03T02:35:59.040Z - info: OPTIONS /api/member/update 200 4 - 0.297 ms
2020-01-03T02:35:59.049Z - info: POST /api/member/update 200 45 - 6.898 ms
2020-01-03T02:35:59.077Z - info: OPTIONS /api/member/list 200 4 - 0.219 ms
2020-01-03T02:35:59.089Z - info: POST /api/member/list 200 605 - 5.767 ms
2020-01-03T02:36:08.181Z - info: OPTIONS /api/member/update 200 4 - 0.240 ms
2020-01-03T02:36:08.192Z - info: POST /api/member/update 200 45 - 7.129 ms
2020-01-03T02:36:08.213Z - info: OPTIONS /api/member/list 200 4 - 0.250 ms
2020-01-03T02:36:08.224Z - info: POST /api/member/list 200 609 - 6.254 ms
2020-01-03T02:36:58.188Z - info: OPTIONS /api/member/list 200 4 - 0.228 ms
2020-01-03T02:36:58.225Z - info: POST /api/member/list 200 609 - 5.884 ms
2020-01-03T02:37:19.881Z - info: OPTIONS /api/member/list 200 4 - 0.226 ms
2020-01-03T02:37:19.923Z - info: POST /api/member/list 200 609 - 7.217 ms
2020-01-03T02:37:23.423Z - info: OPTIONS /api/member/update 200 4 - 0.248 ms
2020-01-03T02:37:23.433Z - info: POST /api/member/update 200 45 - 6.897 ms
2020-01-03T02:37:23.467Z - info: POST /api/member/list 200 606 - 4.706 ms
2020-01-03T02:38:20.182Z - info: OPTIONS /api/member/list 200 4 - 0.186 ms
2020-01-03T02:38:20.238Z - info: POST /api/member/list 200 606 - 7.392 ms
2020-01-03T02:39:00.328Z - info: OPTIONS /api/member/update 200 4 - 0.204 ms
2020-01-03T02:39:00.338Z - info: POST /api/member/update 200 45 - 7.359 ms
2020-01-03T02:39:00.391Z - info: OPTIONS /api/member/list 200 4 - 0.215 ms
2020-01-03T02:39:00.403Z - info: POST /api/member/list 200 602 - 4.719 ms
2020-01-03T02:39:43.303Z - info: OPTIONS /api/member/list 200 4 - 0.205 ms
2020-01-03T02:39:43.334Z - info: POST /api/member/list 200 602 - 4.838 ms
2020-01-03T02:39:45.880Z - info: POST /api/member/list 200 602 - 4.120 ms
2020-01-03T02:39:50.047Z - info: OPTIONS /api/member/update 200 4 - 0.209 ms
2020-01-03T02:39:50.056Z - info: POST /api/member/update 200 45 - 7.123 ms
2020-01-03T02:40:08.213Z - info: OPTIONS /api/member/list 200 4 - 0.238 ms
2020-01-03T02:40:08.243Z - info: POST /api/member/list 200 604 - 5.417 ms
2020-01-03T02:40:21.826Z - info: OPTIONS /api/member/list 200 4 - 0.206 ms
2020-01-03T02:40:21.857Z - info: POST /api/member/list 200 604 - 5.149 ms
2020-01-03T02:40:26.618Z - info: POST /api/member/list 200 604 - 4.454 ms
2020-01-03T02:40:29.598Z - info: OPTIONS /api/member/update 200 4 - 0.226 ms
2020-01-03T02:40:29.608Z - info: POST /api/member/update 200 45 - 8.479 ms
2020-01-03T02:40:29.655Z - info: OPTIONS /api/member/list 200 4 - 0.220 ms
2020-01-03T02:40:29.666Z - info: POST /api/member/list 200 605 - 4.918 ms
2020-01-03T02:41:16.439Z - info: OPTIONS /api/member/update 200 4 - 0.246 ms
2020-01-03T02:41:16.449Z - info: POST /api/member/update 200 45 - 7.514 ms
2020-01-03T02:41:16.523Z - info: OPTIONS /api/member/list 200 4 - 0.317 ms
2020-01-03T02:41:16.534Z - info: POST /api/member/list 200 604 - 4.403 ms
2020-01-03T02:41:22.592Z - info: OPTIONS /api/member/list 200 4 - 0.191 ms
2020-01-03T02:41:22.628Z - info: POST /api/member/list 200 604 - 5.499 ms
2020-01-03T02:44:36.494Z - info: OPTIONS /api/member/list 200 4 - 0.217 ms
2020-01-03T02:44:36.525Z - info: POST /api/member/list 200 604 - 5.880 ms
2020-01-03T02:44:43.901Z - info: OPTIONS /api/member/update 200 4 - 0.195 ms
2020-01-03T02:44:43.911Z - info: POST /api/member/update 200 45 - 7.381 ms
2020-01-03T02:44:43.956Z - info: OPTIONS /api/member/list 200 4 - 0.222 ms
2020-01-03T02:44:43.966Z - info: POST /api/member/list 200 606 - 4.585 ms
2020-01-03T02:45:13.050Z - info: OPTIONS /api/member/list 200 4 - 0.251 ms
2020-01-03T02:45:13.085Z - info: POST /api/member/list 200 606 - 7.780 ms
2020-01-03T02:45:17.662Z - info: OPTIONS /api/member/update 200 4 - 0.212 ms
2020-01-03T02:45:17.668Z - info: POST /api/member/update 200 45 - 4.619 ms
2020-01-03T02:45:17.726Z - info: POST /api/member/list 200 603 - 4.602 ms
2020-01-03T02:45:58.823Z - info: OPTIONS /api/member/list 200 4 - 0.473 ms
2020-01-03T02:45:58.855Z - info: POST /api/member/list 200 603 - 7.188 ms
2020-01-03T02:50:34.307Z - info: OPTIONS /api/member/list 200 4 - 0.198 ms
2020-01-03T02:50:34.340Z - info: POST /api/member/list 200 603 - 5.510 ms
2020-01-03T02:50:37.538Z - info: POST /api/member/list 200 603 - 4.292 ms
2020-01-03T02:50:48.357Z - info: OPTIONS /api/member/update 200 4 - 0.211 ms
2020-01-03T02:50:48.366Z - info: POST /api/member/update 200 45 - 6.136 ms
2020-01-03T02:50:48.401Z - info: OPTIONS /api/member/list 200 4 - 0.245 ms
2020-01-03T02:50:48.412Z - info: POST /api/member/list 200 604 - 5.599 ms
2020-01-03T02:55:22.338Z - info: OPTIONS /api/member/list 200 4 - 0.231 ms
2020-01-03T02:55:22.377Z - info: POST /api/member/list 200 604 - 12.534 ms
2020-01-03T02:55:26.163Z - info: OPTIONS /api/member/update 200 4 - 0.289 ms
2020-01-03T02:55:26.173Z - info: POST /api/member/update 200 45 - 6.647 ms
2020-01-03T02:55:26.209Z - info: POST /api/member/list 200 605 - 5.468 ms
2020-01-03T02:56:00.803Z - info: OPTIONS /api/member/list 200 4 - 0.487 ms
2020-01-03T02:56:00.841Z - info: POST /api/member/list 200 605 - 7.939 ms
2020-01-03T03:01:05.317Z - info: OPTIONS /api/member/list 200 4 - 0.991 ms
2020-01-03T03:01:05.362Z - info: POST /api/member/list 200 605 - 4.822 ms
2020-01-03T03:01:10.309Z - info: OPTIONS /api/member/update 200 4 - 0.214 ms
2020-01-03T03:01:10.319Z - info: POST /api/member/update 200 45 - 7.593 ms
2020-01-03T03:01:10.357Z - info: POST /api/member/list 200 605 - 5.155 ms
2020-01-03T03:01:25.171Z - info: OPTIONS /api/member/update 200 4 - 0.253 ms
2020-01-03T03:01:25.192Z - info: POST /api/member/update 200 45 - 17.397 ms
2020-01-03T03:01:25.211Z - info: OPTIONS /api/member/list 200 4 - 0.269 ms
2020-01-03T03:01:25.222Z - info: POST /api/member/list 200 605 - 4.429 ms
2020-01-03T03:01:33.361Z - info: OPTIONS /api/member/list 200 4 - 0.263 ms
2020-01-03T03:01:33.400Z - info: POST /api/member/list 200 605 - 7.308 ms
2020-01-03T03:01:39.443Z - info: OPTIONS /api/member/update 200 4 - 0.218 ms
2020-01-03T03:01:39.453Z - info: POST /api/member/update 200 45 - 8.009 ms
2020-01-03T03:01:39.481Z - info: OPTIONS /api/member/list 200 4 - 0.228 ms
2020-01-03T03:01:39.491Z - info: POST /api/member/list 200 605 - 4.534 ms
2020-01-03T03:01:43.550Z - info: POST /api/member/list 200 605 - 4.206 ms
2020-01-03T03:01:49.019Z - info: OPTIONS /api/member/update 200 4 - 0.216 ms
2020-01-03T03:01:49.033Z - info: POST /api/member/update 200 45 - 9.332 ms
2020-01-03T03:01:49.061Z - info: OPTIONS /api/member/list 200 4 - 1.015 ms
2020-01-03T03:01:49.074Z - info: POST /api/member/list 200 605 - 6.850 ms
2020-01-03T03:02:06.142Z - info: OPTIONS /api/member/list 200 4 - 0.200 ms
2020-01-03T03:02:06.180Z - info: POST /api/member/list 200 605 - 7.177 ms
2020-01-03T03:03:15.247Z - info: OPTIONS /api/member/list 200 4 - 0.218 ms
2020-01-03T03:03:15.286Z - info: POST /api/member/list 200 605 - 5.447 ms
2020-01-03T03:03:25.650Z - info: OPTIONS /api/member/list 200 4 - 0.277 ms
2020-01-03T03:03:25.697Z - info: POST /api/member/list 200 605 - 8.819 ms
2020-01-03T03:03:27.909Z - info: OPTIONS /api/member/update 200 4 - 0.244 ms
2020-01-03T03:03:27.919Z - info: POST /api/member/update 200 45 - 6.515 ms
2020-01-03T03:03:27.955Z - info: POST /api/member/list 200 606 - 5.300 ms
2020-01-03T03:03:32.809Z - info: POST /api/member/update 200 45 - 8.223 ms
2020-01-03T03:03:32.836Z - info: OPTIONS /api/member/list 200 4 - 0.368 ms
2020-01-03T03:03:32.844Z - info: POST /api/member/list 200 605 - 3.815 ms
2020-01-03T03:03:35.174Z - info: POST /api/member/list 200 605 - 3.283 ms
2020-01-03T03:13:12.360Z - info: OPTIONS /api/member/list 200 4 - 0.300 ms
2020-01-03T03:13:12.403Z - info: POST /api/member/list 200 605 - 8.824 ms
2020-01-03T03:14:11.082Z - info: OPTIONS /api/member/list 200 4 - 0.207 ms
2020-01-03T03:14:11.125Z - info: POST /api/member/list 200 605 - 4.582 ms
2020-01-03T03:14:47.806Z - info: OPTIONS /api/member/list 200 4 - 0.215 ms
2020-01-03T03:14:47.837Z - info: POST /api/member/list 200 605 - 5.178 ms
2020-01-03T03:15:08.685Z - info: OPTIONS /api/member/list 200 4 - 0.202 ms
2020-01-03T03:15:08.723Z - info: POST /api/member/list 200 605 - 7.610 ms
2020-01-03T03:23:37.253Z - info: OPTIONS /api/member/list 200 4 - 0.221 ms
2020-01-03T03:23:37.292Z - info: POST /api/member/list 200 605 - 9.373 ms
2020-01-03T03:27:45.639Z - info: OPTIONS /api/member/list 200 4 - 0.209 ms
2020-01-03T03:27:45.672Z - info: POST /api/member/list 200 605 - 6.009 ms
2020-01-03T03:27:50.224Z - info: OPTIONS /api/member/update 200 4 - 0.217 ms
2020-01-03T03:27:50.234Z - info: POST /api/member/update 200 45 - 8.200 ms
2020-01-03T03:27:50.291Z - info: POST /api/member/list 200 607 - 4.513 ms
2020-01-03T03:27:59.615Z - info: OPTIONS /api/member/update 200 4 - 0.207 ms
2020-01-03T03:27:59.634Z - info: POST /api/member/update 200 45 - 8.621 ms
2020-01-03T03:27:59.690Z - info: OPTIONS /api/member/list 200 4 - 0.214 ms
2020-01-03T03:27:59.701Z - info: POST /api/member/list 200 608 - 4.443 ms
2020-01-03T03:28:54.511Z - info: OPTIONS /api/member/list 200 4 - 0.228 ms
2020-01-03T03:28:54.550Z - info: POST /api/member/list 200 608 - 8.572 ms
2020-01-03T03:28:58.217Z - info: OPTIONS /api/member/update 200 4 - 0.246 ms
2020-01-03T03:28:58.227Z - info: POST /api/member/update 200 45 - 7.805 ms
2020-01-03T03:28:58.288Z - info: POST /api/member/list 200 607 - 4.632 ms
2020-01-03T03:29:02.238Z - info: POST /api/member/update 200 45 - 7.350 ms
2020-01-03T03:29:02.287Z - info: OPTIONS /api/member/list 200 4 - 0.244 ms
2020-01-03T03:29:02.296Z - info: POST /api/member/list 200 606 - 3.635 ms
2020-01-03T03:29:34.498Z - info: OPTIONS /api/member/list 200 4 - 0.201 ms
2020-01-03T03:29:34.536Z - info: POST /api/member/list 200 606 - 6.523 ms
2020-01-03T03:29:40.380Z - info: OPTIONS /api/member/remove?mid=472a1beb-b8d4-4794-8a80-083020ba32ab 200 8 - 0.268 ms
2020-01-03T03:29:40.390Z - info: GET /api/member/remove?mid=472a1beb-b8d4-4794-8a80-083020ba32ab 200 46 - 8.265 ms
2020-01-03T03:29:40.398Z - info: OPTIONS /api/member/list 200 4 - 0.223 ms
2020-01-03T03:29:40.407Z - info: POST /api/member/list 200 329 - 6.088 ms
2020-01-03T03:29:42.774Z - info: POST /api/member/list 200 329 - 3.313 ms
2020-01-03T03:29:52.844Z - info: OPTIONS /api/member/list 200 4 - 0.185 ms
2020-01-03T03:29:52.882Z - info: POST /api/member/list 200 329 - 5.722 ms
2020-01-03T03:29:59.511Z - info: OPTIONS /api/member/list 200 4 - 0.191 ms
2020-01-03T03:29:59.542Z - info: POST /api/member/list 401 40 - 1.392 ms
2020-01-03T03:30:08.379Z - info: OPTIONS /api/member/list 200 4 - 0.381 ms
2020-01-03T03:30:08.395Z - info: POST /api/member/list 401 40 - 10.306 ms
2020-01-03T03:44:49.508Z - info: OPTIONS /api/member/list 200 4 - 0.277 ms
2020-01-03T03:44:51.510Z - info: POST /api/member/list   -  ms
2020-01-03T03:44:55.201Z - info: POST /api/member/list   -  ms
2020-01-03T03:45:21.103Z - info: OPTIONS /api/member/sms/send?phone=18277305020 200 8 - 0.235 ms
2020-01-03T03:45:21.547Z - info: GET /api/member/sms/send?phone=18277305020 304  - 440.633 ms
2020-01-03T03:45:31.660Z - info: OPTIONS /api/member/login 200 4 - 0.261 ms
2020-01-03T03:45:31.664Z - info: POST /api/member/login 200 491 - 2.714 ms
2020-01-03T03:45:32.511Z - info: OPTIONS /api/member/list 200 4 - 0.227 ms
2020-01-03T03:45:32.547Z - info: POST /api/member/list 200 329 - 4.909 ms
2020-01-03T03:46:34.758Z - info: OPTIONS /api/member/update 200 4 - 0.294 ms
2020-01-03T03:46:34.769Z - info: POST /api/member/update 200 45 - 7.362 ms
2020-01-03T03:46:34.810Z - info: OPTIONS /api/member/list 200 4 - 0.252 ms
2020-01-03T03:46:34.819Z - info: POST /api/member/list 200 329 - 4.143 ms
2020-01-03T03:56:18.538Z - info: OPTIONS /api/member/list 200 4 - 0.243 ms
2020-01-03T03:56:18.570Z - info: POST /api/member/list 200 329 - 5.755 ms
2020-01-03T06:50:13.286Z - info: OPTIONS /api/member/list 200 4 - 2.185 ms
2020-01-03T06:50:13.428Z - info: POST /api/member/list 200 329 - 82.804 ms
2020-01-03T06:50:17.859Z - info: POST /api/member/list 200 329 - 6.605 ms
2020-01-03T06:51:47.240Z - info: OPTIONS /api/member/list 200 4 - 0.334 ms
2020-01-03T06:51:47.276Z - info: POST /api/member/list 200 329 - 6.403 ms
2020-01-03T06:53:17.011Z - info: OPTIONS /api/member/list 200 4 - 0.252 ms
2020-01-03T06:53:17.045Z - info: POST /api/member/list 200 329 - 6.204 ms
2020-01-03T06:54:00.349Z - info: OPTIONS /api/member/list 200 4 - 0.282 ms
2020-01-03T06:54:00.447Z - info: POST /api/member/list 200 329 - 23.538 ms
2020-01-03T06:54:02.035Z - info: POST /api/member/list 200 329 - 4.143 ms
2020-01-03T06:54:28.691Z - info: OPTIONS /api/member/list 200 4 - 0.363 ms
2020-01-03T06:54:28.731Z - info: POST /api/member/list 200 329 - 9.298 ms
2020-01-03T06:54:48.682Z - info: OPTIONS /api/member/list 200 4 - 0.347 ms
2020-01-03T06:54:48.720Z - info: POST /api/member/list 200 329 - 6.634 ms
2020-01-03T06:56:00.143Z - info: OPTIONS /api/member/list 200 4 - 0.244 ms
2020-01-03T06:56:00.188Z - info: POST /api/member/list 200 329 - 4.855 ms
2020-01-03T06:57:37.070Z - info: OPTIONS /api/member/list 200 4 - 0.396 ms
2020-01-03T06:57:37.135Z - info: POST /api/member/list 200 329 - 5.245 ms
2020-01-03T06:57:58.145Z - info: OPTIONS /api/member/list 200 4 - 1.156 ms
2020-01-03T06:57:58.177Z - info: POST /api/member/list 200 329 - 4.922 ms
2020-01-03T06:58:04.855Z - info: OPTIONS /api/member/list 200 4 - 0.253 ms
2020-01-03T06:58:04.889Z - info: POST /api/member/list 200 329 - 5.160 ms
2020-01-03T06:58:07.894Z - info: POST /api/member/list 200 329 - 5.718 ms
2020-01-03T06:58:09.579Z - info: POST /api/member/list 200 69 - 13.889 ms
2020-01-03T06:58:26.652Z - info: OPTIONS /api/member/list 200 4 - 0.228 ms
2020-01-03T06:58:26.664Z - info: POST /api/member/list 200 329 - 5.654 ms
2020-01-03T07:00:32.809Z - info: OPTIONS /api/member/list 200 4 - 0.292 ms
2020-01-03T07:00:32.849Z - info: POST /api/member/list 200 329 - 4.853 ms
2020-01-03T07:00:35.035Z - info: POST /api/member/list 200 69 - 15.026 ms
2020-01-03T07:00:40.812Z - info: OPTIONS /api/member/list 200 4 - 0.261 ms
2020-01-03T07:00:40.819Z - info: POST /api/member/list 200 329 - 4.187 ms
2020-01-03T07:00:47.106Z - info: OPTIONS /api/member/list 200 4 - 0.567 ms
2020-01-03T07:00:47.146Z - info: POST /api/member/list 200 329 - 6.712 ms
2020-01-03T07:00:49.641Z - info: POST /api/member/list 200 69 - 6.095 ms
2020-01-03T07:00:57.027Z - info: OPTIONS /api/member/list 200 4 - 0.251 ms
2020-01-03T07:00:57.037Z - info: POST /api/member/list 200 69 - 7.079 ms
2020-01-03T07:01:01.423Z - info: POST /api/member/list 200 329 - 9.759 ms
