2020-01-06T01:08:05.198Z - info: POST /api/member/login 200 491 - 127.422 ms
2020-01-06T01:08:10.644Z - info: POST /api/member/login 200 35 - 6.536 ms
2020-01-06T01:17:54.529Z - info: OPTIONS /api/member/login 200 4 - 1.280 ms
2020-01-06T01:17:54.534Z - info: POST /api/member/login 200 491 - 3.028 ms
2020-01-06T01:17:55.581Z - info: OPTIONS /api/member/list 200 4 - 0.399 ms
2020-01-06T01:17:55.631Z - info: POST /api/member/list 200 329 - 18.446 ms
2020-01-06T01:18:01.688Z - info: OPTIONS /api/member/list 200 4 - 0.313 ms
2020-01-06T01:18:01.730Z - info: POST /api/member/list 200 329 - 10.505 ms
2020-01-06T01:18:42.187Z - info: OPTIONS /api/member/list 200 4 - 0.472 ms
2020-01-06T01:18:42.225Z - info: POST /api/member/list 401 40 - 2.240 ms
2020-01-06T01:18:51.969Z - info: OPTIONS /api/member/login 200 4 - 0.301 ms
2020-01-06T01:18:51.974Z - info: POST /api/member/login 200 491 - 1.661 ms
2020-01-06T01:18:52.684Z - info: OPTIONS /api/member/list 200 4 - 0.302 ms
2020-01-06T01:18:52.735Z - info: POST /api/member/list 200 329 - 8.485 ms
2020-01-06T01:19:42.155Z - info: OPTIONS /api/member/list 200 4 - 0.357 ms
2020-01-06T01:19:42.198Z - info: POST /api/member/list 200 329 - 10.263 ms
2020-01-06T01:19:57.777Z - info: OPTIONS /api/member/list 200 4 - 0.265 ms
2020-01-06T01:19:57.816Z - info: POST /api/member/list 200 329 - 10.436 ms
2020-01-06T01:20:17.393Z - info: OPTIONS /api/member/list 200 4 - 0.333 ms
2020-01-06T01:20:17.437Z - info: POST /api/member/list 200 329 - 5.949 ms
2020-01-06T01:22:16.848Z - info: OPTIONS /api/member/login 200 4 - 0.239 ms
2020-01-06T01:22:16.852Z - info: POST /api/member/login 200 491 - 2.323 ms
2020-01-06T01:22:17.881Z - info: OPTIONS /api/member/list 200 4 - 0.296 ms
2020-01-06T01:22:17.920Z - info: POST /api/member/list 200 329 - 5.307 ms
2020-01-06T01:23:22.414Z - info: OPTIONS /api/member/login 200 4 - 10.653 ms
2020-01-06T01:23:22.432Z - info: POST /api/member/login 500 45 - 2.685 ms
2020-01-06T01:23:48.075Z - info: OPTIONS /api/member/login 200 4 - 0.597 ms
2020-01-06T01:23:48.080Z - info: POST /api/member/login 500 45 - 1.421 ms
2020-01-06T01:24:42.377Z - info: OPTIONS /api/member/login 200 4 - 2.114 ms
2020-01-06T01:24:43.786Z - info: POST /api/member/login   -  ms
2020-01-06T01:25:25.989Z - info: OPTIONS /api/member/login 200 4 - 2.194 ms
2020-01-06T01:25:27.982Z - info: POST /api/member/login   -  ms
2020-01-06T01:26:06.745Z - info: OPTIONS /api/member/login 200 4 - 2.072 ms
2020-01-06T01:26:06.758Z - info: POST /api/member/login 200 160 - 1.112 ms
2020-01-06T01:26:23.668Z - info: OPTIONS /api/member/login 200 4 - 0.339 ms
2020-01-06T01:26:23.671Z - info: POST /api/member/login 200 160 - 0.383 ms
2020-01-06T01:26:48.389Z - info: OPTIONS /api/member/list 200 4 - 0.576 ms
2020-01-06T01:26:48.562Z - info: POST /api/member/list 200 329 - 162.592 ms
2020-01-06T01:27:01.266Z - info: OPTIONS /api/member/list 200 4 - 0.259 ms
2020-01-06T01:27:01.273Z - info: POST /api/member/list 401 40 - 1.148 ms
2020-01-06T01:27:11.676Z - info: OPTIONS /api/member/login 200 4 - 0.461 ms
2020-01-06T01:27:11.679Z - info: POST /api/member/login 200 160 - 0.422 ms
2020-01-06T01:27:51.563Z - info: OPTIONS /api/member/login 200 4 - 2.427 ms
2020-01-06T01:27:51.586Z - info: POST /api/member/login 200 169 - 1.027 ms
2020-01-06T01:28:28.275Z - info: OPTIONS /api/member/login 200 4 - 2.737 ms
2020-01-06T01:28:28.291Z - info: POST /api/member/login 200 160 - 1.626 ms
2020-01-06T01:28:28.946Z - info: OPTIONS /api/member/list 200 4 - 0.457 ms
2020-01-06T01:28:30.952Z - info: POST /api/member/list   -  ms
2020-01-06T01:28:40.659Z - info: OPTIONS /api/member/list 200 4 - 0.313 ms
2020-01-06T01:28:42.664Z - info: POST /api/member/list   -  ms
2020-01-06T01:29:00.309Z - info: OPTIONS /api/member/login 200 4 - 0.290 ms
2020-01-06T01:29:00.315Z - info: POST /api/member/login 200 160 - 0.474 ms
2020-01-06T01:29:01.119Z - info: OPTIONS /api/member/list 200 4 - 0.436 ms
2020-01-06T01:29:03.132Z - info: POST /api/member/list   -  ms
2020-01-06T01:29:48.957Z - info: OPTIONS /api/member/login 200 4 - 0.227 ms
2020-01-06T01:29:48.963Z - info: POST /api/member/login 200 160 - 0.409 ms
2020-01-06T01:29:49.461Z - info: OPTIONS /api/member/list 200 4 - 0.402 ms
2020-01-06T01:29:51.478Z - info: POST /api/member/list   -  ms
2020-01-06T01:31:00.143Z - info: OPTIONS /api/member/list 200 4 - 2.065 ms
2020-01-06T01:31:02.153Z - info: POST /api/member/list   -  ms
2020-01-06T01:31:33.933Z - info: OPTIONS /api/member/list 200 4 - 2.152 ms
2020-01-06T01:31:35.932Z - info: POST /api/member/list   -  ms
2020-01-06T01:32:17.744Z - info: OPTIONS /api/member/list 200 4 - 2.558 ms
2020-01-06T01:32:19.736Z - info: POST /api/member/list   -  ms
2020-01-06T01:33:13.965Z - info: OPTIONS /api/member/list 200 4 - 2.103 ms
2020-01-06T01:33:13.982Z - info: POST /api/member/list 200 38 - 2.342 ms
2020-01-06T01:33:24.275Z - info: OPTIONS /api/member/login 200 4 - 0.399 ms
2020-01-06T01:33:24.278Z - info: POST /api/member/login 200 160 - 0.768 ms
2020-01-06T01:33:24.804Z - info: OPTIONS /api/member/list 200 4 - 0.259 ms
2020-01-06T01:33:24.836Z - info: POST /api/member/list 200 38 - 3.197 ms
2020-01-06T01:33:55.294Z - info: OPTIONS /api/member/list 200 4 - 2.303 ms
2020-01-06T01:33:55.334Z - info: POST /api/member/list 200 38 - 4.353 ms
2020-01-06T01:35:50.549Z - info: OPTIONS /api/member/list 200 4 - 2.173 ms
2020-01-06T01:35:50.590Z - info: POST /api/member/list 200 38 - 8.825 ms
2020-01-06T01:36:46.343Z - info: OPTIONS /api/member/list 200 4 - 2.151 ms
2020-01-06T01:36:46.354Z - info: POST /api/member/list 200 38 - 2.153 ms
2020-01-06T01:36:54.514Z - info: OPTIONS /api/member/list 200 4 - 0.396 ms
2020-01-06T01:36:54.549Z - info: POST /api/member/list 200 38 - 2.329 ms
2020-01-06T01:37:35.389Z - info: OPTIONS /api/member/list 200 4 - 2.170 ms
2020-01-06T01:37:35.404Z - info: POST /api/member/list 200 38 - 2.747 ms
2020-01-06T01:37:49.368Z - info: OPTIONS /api/member/list 200 4 - 36.305 ms
2020-01-06T01:37:49.499Z - info: POST /api/member/list 200 38 - 5.010 ms
2020-01-06T01:41:05.308Z - info: OPTIONS /api/member/list 200 4 - 2.499 ms
2020-01-06T01:41:05.347Z - info: POST /api/member/list 200 38 - 8.249 ms
2020-01-06T01:42:49.125Z - info: OPTIONS /api/member/list 200 4 - 3.736 ms
2020-01-06T01:42:49.197Z - info: POST /api/member/list 200 38 - 3.665 ms
2020-01-06T01:42:54.437Z - info: OPTIONS /api/member/list 200 4 - 0.640 ms
2020-01-06T01:42:54.529Z - info: POST /api/member/list 200 38 - 30.778 ms
2020-01-06T01:43:07.752Z - info: OPTIONS /api/member/list 200 4 - 2.803 ms
2020-01-06T01:43:07.774Z - info: POST /api/member/list 200 38 - 6.656 ms
2020-01-06T01:44:20.194Z - info: OPTIONS /api/member/list 200 4 - 2.183 ms
2020-01-06T01:44:22.192Z - info: POST /api/member/list   -  ms
2020-01-06T01:46:34.981Z - info: OPTIONS /api/member/list 200 4 - 2.276 ms
2020-01-06T01:46:35.096Z - info: POST /api/member/list 200 329 - 79.258 ms
2020-01-06T01:47:24.218Z - info: OPTIONS /api/member/update 200 4 - 2.061 ms
2020-01-06T01:47:24.232Z - info: POST /api/member/update 200 38 - 2.732 ms
2020-01-06T01:50:03.897Z - info: OPTIONS /api/member/list 200 4 - 2.260 ms
2020-01-06T01:50:04.035Z - info: POST /api/member/list 200 329 - 99.852 ms
2020-01-06T01:50:20.991Z - info: OPTIONS /api/member/list 200 4 - 2.221 ms
2020-01-06T01:50:21.084Z - info: POST /api/member/list 200 329 - 82.504 ms
2020-01-06T01:50:21.966Z - info: POST /api/member/list 200 329 - 4.146 ms
2020-01-06T01:51:06.379Z - info: OPTIONS /api/member/list 200 4 - 2.689 ms
2020-01-06T01:51:06.495Z - info: POST /api/member/list 200 329 - 80.245 ms
2020-01-06T01:51:09.574Z - info: OPTIONS /api/member/update 200 4 - 0.318 ms
2020-01-06T01:51:11.587Z - info: POST /api/member/update   -  ms
2020-01-06T01:52:45.695Z - info: OPTIONS /api/member/list 200 4 - 2.455 ms
2020-01-06T01:52:45.864Z - info: POST /api/member/list 200 329 - 88.109 ms
2020-01-06T01:53:10.840Z - info: OPTIONS /api/member/list 200 4 - 2.108 ms
2020-01-06T01:53:10.924Z - info: POST /api/member/list 200 329 - 67.501 ms
2020-01-06T01:53:14.348Z - info: POST /api/member/list 200 329 - 7.835 ms
2020-01-06T01:53:30.727Z - info: OPTIONS /api/member/list 200 4 - 2.403 ms
2020-01-06T01:53:32.717Z - info: POST /api/member/list   -  ms
2020-01-06T01:54:54.281Z - info: OPTIONS /api/member/list 200 4 - 2.536 ms
2020-01-06T01:54:56.432Z - info: POST /api/member/list   -  ms
2020-01-06T01:55:11.854Z - info: OPTIONS /api/member/list 200 4 - 2.079 ms
2020-01-06T01:55:13.860Z - info: POST /api/member/list   -  ms
2020-01-06T01:55:22.747Z - info: OPTIONS /api/member/list 200 4 - 2.906 ms
2020-01-06T01:55:24.729Z - info: POST /api/member/list   -  ms
2020-01-06T01:56:17.645Z - info: OPTIONS /api/member/login 200 4 - 0.486 ms
2020-01-06T01:56:17.648Z - info: POST /api/member/login 200 160 - 1.270 ms
2020-01-06T01:56:18.153Z - info: OPTIONS /api/member/list 200 4 - 0.310 ms
2020-01-06T01:56:20.155Z - info: POST /api/member/list   -  ms
2020-01-06T01:57:12.161Z - info: OPTIONS /api/member/list 200 4 - 2.575 ms
2020-01-06T01:57:14.167Z - info: POST /api/member/list   -  ms
2020-01-06T01:57:17.812Z - info: OPTIONS /api/member/login 200 4 - 0.313 ms
2020-01-06T01:57:17.816Z - info: POST /api/member/login 200 190 - 0.878 ms
2020-01-06T01:57:18.302Z - info: OPTIONS /api/member/list 200 4 - 0.537 ms
2020-01-06T01:57:20.314Z - info: POST /api/member/list   -  ms
2020-01-06T01:58:12.869Z - info: OPTIONS /api/member/list 200 4 - 2.257 ms
2020-01-06T01:58:12.978Z - info: POST /api/member/list 200 329 - 75.624 ms
2020-01-06T01:58:33.467Z - info: OPTIONS /api/member/login 200 4 - 0.650 ms
2020-01-06T01:58:33.470Z - info: POST /api/member/login 200 190 - 1.182 ms
2020-01-06T01:58:34.298Z - info: OPTIONS /api/member/list 200 4 - 0.360 ms
2020-01-06T01:58:34.335Z - info: POST /api/member/list 200 38 - 6.054 ms
2020-01-06T01:58:41.624Z - info: OPTIONS /api/member/login 200 4 - 0.439 ms
2020-01-06T01:58:41.627Z - info: POST /api/member/login 200 190 - 0.559 ms
2020-01-06T01:58:42.111Z - info: OPTIONS /api/member/list 200 4 - 0.732 ms
2020-01-06T01:58:42.144Z - info: POST /api/member/list 200 329 - 6.160 ms
2020-01-06T02:02:57.973Z - info: OPTIONS /api/member/list 200 4 - 2.715 ms
2020-01-06T02:02:58.088Z - info: POST /api/member/list 200 329 - 80.870 ms
2020-01-06T02:04:28.832Z - info: OPTIONS /api/member/login 200 4 - 0.705 ms
2020-01-06T02:04:28.837Z - info: POST /api/member/login 200 190 - 1.134 ms
2020-01-06T02:04:29.828Z - info: OPTIONS /api/member/list 200 4 - 0.483 ms
2020-01-06T02:04:29.866Z - info: POST /api/member/list 200 38 - 3.689 ms
2020-01-06T02:04:38.061Z - info: OPTIONS /api/member/list 200 4 - 0.238 ms
2020-01-06T02:04:38.100Z - info: POST /api/member/list 200 38 - 7.645 ms
2020-01-06T02:05:13.825Z - info: OPTIONS /api/member/list 200 4 - 2.578 ms
2020-01-06T02:05:13.939Z - info: POST /api/member/list 200 329 - 82.986 ms
2020-01-06T02:05:25.651Z - info: OPTIONS /api/member/login 200 4 - 0.386 ms
2020-01-06T02:05:25.655Z - info: POST /api/member/login 200 190 - 0.764 ms
2020-01-06T02:05:26.460Z - info: OPTIONS /api/member/list 200 4 - 0.239 ms
2020-01-06T02:05:26.496Z - info: POST /api/member/list 200 329 - 6.890 ms
2020-01-06T02:05:34.358Z - info: OPTIONS /api/member/list 200 4 - 0.259 ms
2020-01-06T02:05:34.395Z - info: POST /api/member/list 200 329 - 5.994 ms
2020-01-06T02:05:50.079Z - info: OPTIONS /api/member/login 200 4 - 0.704 ms
2020-01-06T02:05:50.082Z - info: POST /api/member/login 200 190 - 0.556 ms
2020-01-06T02:05:50.590Z - info: OPTIONS /api/member/list 200 4 - 0.259 ms
2020-01-06T02:05:50.629Z - info: POST /api/member/list 200 329 - 8.235 ms
2020-01-06T02:06:08.603Z - info: OPTIONS /api/member/login 200 4 - 0.426 ms
2020-01-06T02:06:08.607Z - info: POST /api/member/login 200 190 - 0.392 ms
2020-01-06T02:06:09.406Z - info: OPTIONS /api/member/list 200 4 - 0.243 ms
2020-01-06T02:06:09.436Z - info: POST /api/member/list 200 38 - 1.766 ms
2020-01-06T02:15:04.987Z - info: OPTIONS /api/member/login 200 4 - 0.292 ms
2020-01-06T02:15:04.990Z - info: POST /api/member/login 200 190 - 0.373 ms
2020-01-06T02:15:05.617Z - info: OPTIONS /api/member/list 200 4 - 0.392 ms
2020-01-06T02:15:05.653Z - info: POST /api/member/list 200 329 - 4.871 ms
2020-01-06T02:15:07.103Z - info: POST /api/member/list 200 329 - 2.680 ms
2020-01-06T02:17:21.103Z - info: OPTIONS /api/member/list 200 4 - 0.239 ms
2020-01-06T02:17:21.132Z - info: POST /api/member/list 200 329 - 3.767 ms
2020-01-06T02:18:14.676Z - info: OPTIONS /api/member/list 200 4 - 0.223 ms
2020-01-06T02:18:14.712Z - info: POST /api/member/list 200 329 - 4.702 ms
2020-01-06T02:22:33.315Z - info: OPTIONS /api/member/list 200 4 - 0.289 ms
2020-01-06T02:22:33.320Z - info: POST /api/member/list 401 40 - 1.107 ms
2020-01-06T02:22:40.044Z - info: OPTIONS /api/member/login 200 4 - 0.262 ms
2020-01-06T02:22:40.048Z - info: POST /api/member/login 200 190 - 0.338 ms
2020-01-06T02:22:40.195Z - info: OPTIONS /api/member/list 200 4 - 0.262 ms
2020-01-06T02:22:40.204Z - info: POST /api/member/list 200 329 - 4.623 ms
2020-01-06T02:43:34.292Z - info: OPTIONS /api/member/list 200 4 - 0.240 ms
2020-01-06T02:43:34.330Z - info: POST /api/member/list 200 329 - 5.397 ms
2020-01-06T02:45:17.947Z - info: OPTIONS /api/member/list 200 4 - 0.246 ms
2020-01-06T02:45:17.978Z - info: POST /api/member/list 200 329 - 3.816 ms
2020-01-06T02:46:01.298Z - info: OPTIONS /api/member/list 200 4 - 0.237 ms
2020-01-06T02:46:01.337Z - info: POST /api/member/list 200 329 - 7.189 ms
2020-01-06T02:48:22.583Z - info: OPTIONS /api/member/add 200 4 - 2.394 ms
2020-01-06T02:48:24.593Z - info: POST /api/member/add   -  ms
2020-01-06T02:49:05.084Z - info: OPTIONS /api/member/list 200 4 - 0.450 ms
2020-01-06T02:49:05.209Z - info: POST /api/member/list 200 329 - 93.139 ms
2020-01-06T02:49:49.054Z - info: OPTIONS /api/member/list 200 4 - 0.263 ms
2020-01-06T02:49:49.084Z - info: POST /api/member/list 200 329 - 4.255 ms
2020-01-06T02:50:16.379Z - info: OPTIONS /api/member/add 200 4 - 0.336 ms
2020-01-06T02:50:18.381Z - info: POST /api/member/add   -  ms
2020-01-06T02:51:12.770Z - info: OPTIONS /api/member/list 200 4 - 2.144 ms
2020-01-06T02:51:12.911Z - info: POST /api/member/list 200 329 - 107.276 ms
2020-01-06T02:51:23.810Z - info: OPTIONS /api/member/add 200 4 - 0.335 ms
2020-01-06T02:51:25.817Z - info: POST /api/member/add   -  ms
2020-01-06T02:53:05.208Z - info: OPTIONS /api/member/list 200 4 - 2.585 ms
2020-01-06T02:53:05.421Z - info: POST /api/member/list 200 329 - 172.391 ms
2020-01-06T02:53:16.330Z - info: OPTIONS /api/member/add 200 4 - 0.374 ms
2020-01-06T02:53:18.350Z - info: POST /api/member/add   -  ms
2020-01-06T02:54:18.859Z - info: OPTIONS /api/member/list 200 4 - 0.609 ms
2020-01-06T02:54:18.908Z - info: POST /api/member/list 200 329 - 17.419 ms
2020-01-06T02:54:28.643Z - info: OPTIONS /api/member/login 200 4 - 0.302 ms
2020-01-06T02:54:28.647Z - info: POST /api/member/login 200 190 - 1.212 ms
2020-01-06T02:54:29.146Z - info: OPTIONS /api/member/list 200 4 - 0.264 ms
2020-01-06T02:54:29.180Z - info: POST /api/member/list 200 329 - 5.322 ms
2020-01-06T02:54:37.910Z - info: OPTIONS /api/member/add 200 4 - 0.316 ms
2020-01-06T02:54:39.911Z - info: POST /api/member/add   -  ms
2020-01-06T02:55:23.223Z - info: OPTIONS /api/member/list 200 4 - 2.305 ms
2020-01-06T02:55:23.418Z - info: POST /api/member/list 200 329 - 183.110 ms
2020-01-06T02:55:38.067Z - info: OPTIONS /api/member/add 200 4 - 0.368 ms
2020-01-06T02:55:40.072Z - info: POST /api/member/add   -  ms
2020-01-06T02:56:02.339Z - info: OPTIONS /api/member/list 200 4 - 2.149 ms
2020-01-06T02:56:02.451Z - info: POST /api/member/list 200 329 - 80.746 ms
2020-01-06T02:56:10.381Z - info: OPTIONS /api/member/add 200 4 - 0.320 ms
2020-01-06T02:56:12.397Z - info: POST /api/member/add   -  ms
2020-01-06T02:56:42.129Z - info: OPTIONS /api/member/list 200 4 - 2.341 ms
2020-01-06T02:56:42.296Z - info: POST /api/member/list 200 329 - 152.371 ms
2020-01-06T02:56:50.260Z - info: OPTIONS /api/member/add 200 4 - 0.324 ms
2020-01-06T02:56:50.298Z - info: POST /api/member/add 200 311 - 33.015 ms
2020-01-06T02:57:34.119Z - info: OPTIONS /api/member/list 200 4 - 0.577 ms
2020-01-06T02:57:34.149Z - info: POST /api/member/list 200 587 - 5.114 ms
2020-01-06T02:57:45.314Z - info: OPTIONS /api/member/list 200 4 - 0.244 ms
2020-01-06T02:57:45.352Z - info: POST /api/member/list 200 587 - 4.065 ms
2020-01-06T02:57:52.029Z - info: OPTIONS /api/member/add 200 4 - 0.296 ms
2020-01-06T02:57:52.046Z - info: POST /api/member/add 200 303 - 10.653 ms
2020-01-06T02:57:52.094Z - info: OPTIONS /api/member/list 200 4 - 0.267 ms
2020-01-06T02:57:52.105Z - info: POST /api/member/list 200 837 - 3.867 ms
2020-01-06T02:57:59.176Z - info: OPTIONS /api/member/remove?mid=b6d485e0-a452-4b3d-926d-89204809fffd 200 8 - 0.256 ms
2020-01-06T02:57:59.189Z - info: GET /api/member/remove?mid=b6d485e0-a452-4b3d-926d-89204809fffd 200 46 - 9.901 ms
2020-01-06T02:59:36.787Z - info: OPTIONS /api/member/list 200 4 - 0.279 ms
2020-01-06T02:59:36.824Z - info: POST /api/member/list 200 579 - 6.547 ms
2020-01-06T02:59:38.776Z - info: OPTIONS /api/member/remove?mid=5766eeff-715c-47f8-b89f-d9f95000fb74 200 8 - 0.213 ms
2020-01-06T02:59:38.785Z - info: GET /api/member/remove?mid=5766eeff-715c-47f8-b89f-d9f95000fb74 200 46 - 6.220 ms
2020-01-06T03:00:52.964Z - info: OPTIONS /api/member/list 200 4 - 0.328 ms
2020-01-06T03:00:53.004Z - info: POST /api/member/list 200 329 - 4.844 ms
2020-01-06T03:00:58.205Z - info: OPTIONS /api/member/add 200 4 - 0.327 ms
2020-01-06T03:00:58.217Z - info: POST /api/member/add 200 307 - 8.776 ms
2020-01-06T03:00:58.282Z - info: OPTIONS /api/member/list 200 4 - 0.305 ms
2020-01-06T03:00:58.292Z - info: POST /api/member/list 200 583 - 4.257 ms
2020-01-06T03:01:01.079Z - info: OPTIONS /api/member/remove?mid=561d239e-5ca7-49ec-bd40-5decfaa0e946 200 8 - 0.289 ms
2020-01-06T03:01:01.091Z - info: GET /api/member/remove?mid=561d239e-5ca7-49ec-bd40-5decfaa0e946 200 46 - 6.572 ms
2020-01-06T03:01:01.100Z - info: POST /api/member/list 200 329 - 4.090 ms
2020-01-06T03:01:03.739Z - info: OPTIONS /api/member/list 200 4 - 0.282 ms
2020-01-06T03:01:03.775Z - info: POST /api/member/list 200 329 - 5.423 ms
2020-01-06T03:01:10.119Z - info: OPTIONS /api/member/list 200 4 - 0.494 ms
2020-01-06T03:01:10.163Z - info: POST /api/member/list 200 329 - 5.313 ms
2020-01-06T03:01:13.756Z - info: OPTIONS /api/member/add 200 4 - 0.267 ms
2020-01-06T03:01:13.765Z - info: POST /api/member/add 500 36 - 6.856 ms
2020-01-06T03:01:16.504Z - info: OPTIONS /api/member/list 200 4 - 0.278 ms
2020-01-06T03:01:16.537Z - info: POST /api/member/list 200 329 - 4.211 ms
2020-01-06T03:01:24.414Z - info: OPTIONS /api/member/add 200 4 - 0.318 ms
2020-01-06T03:01:24.424Z - info: POST /api/member/add 200 308 - 6.069 ms
2020-01-06T03:01:24.472Z - info: OPTIONS /api/member/list 200 4 - 0.248 ms
2020-01-06T03:01:24.483Z - info: POST /api/member/list 200 584 - 4.821 ms
2020-01-06T03:01:27.819Z - info: POST /api/member/list 200 584 - 3.068 ms
2020-01-06T03:01:30.200Z - info: OPTIONS /api/member/remove?mid=685f3b52-ff21-4903-b1e1-d1ee5444987a 200 8 - 0.311 ms
2020-01-06T03:01:30.210Z - info: GET /api/member/remove?mid=685f3b52-ff21-4903-b1e1-d1ee5444987a 200 46 - 6.039 ms
2020-01-06T03:01:41.015Z - info: OPTIONS /api/member/list 200 4 - 1.327 ms
2020-01-06T03:01:41.057Z - info: POST /api/member/list 200 329 - 4.311 ms
2020-01-06T03:01:57.167Z - info: OPTIONS /api/member/list 200 4 - 0.227 ms
2020-01-06T03:01:57.206Z - info: POST /api/member/list 200 329 - 3.607 ms
2020-01-06T03:02:02.476Z - info: OPTIONS /api/member/add 200 4 - 0.270 ms
2020-01-06T03:02:02.488Z - info: POST /api/member/add 200 308 - 8.392 ms
2020-01-06T03:02:02.544Z - info: OPTIONS /api/member/list 200 4 - 0.257 ms
2020-01-06T03:02:02.555Z - info: POST /api/member/list 200 584 - 3.946 ms
2020-01-06T03:02:04.934Z - info: OPTIONS /api/member/remove?mid=d32b5014-96b2-407f-a358-943f3b886316 200 8 - 0.235 ms
2020-01-06T03:02:04.940Z - info: GET /api/member/remove?mid=d32b5014-96b2-407f-a358-943f3b886316 200 46 - 2.391 ms
2020-01-06T03:02:04.952Z - info: POST /api/member/list 200 329 - 3.396 ms
2020-01-06T03:02:07.075Z - info: POST /api/member/list 200 329 - 3.369 ms
2020-01-06T03:03:14.139Z - info: OPTIONS /api/member/list 200 4 - 0.310 ms
2020-01-06T03:03:14.180Z - info: POST /api/member/list 200 329 - 6.737 ms
2020-01-06T03:03:46.792Z - info: OPTIONS /api/member/list 200 4 - 0.215 ms
2020-01-06T03:03:46.835Z - info: POST /api/member/list 200 329 - 3.619 ms
2020-01-06T03:03:49.108Z - info: POST /api/member/list 200 329 - 3.101 ms
2020-01-06T03:24:40.872Z - info: OPTIONS /api/member/list 200 4 - 0.287 ms
2020-01-06T03:24:40.902Z - info: POST /api/member/list 200 329 - 3.413 ms
2020-01-06T05:05:12.314Z - info: OPTIONS /api/member/list 200 4 - 0.228 ms
2020-01-06T05:05:12.321Z - info: POST /api/member/list 200 69 - 3.200 ms
2020-01-06T05:05:14.425Z - info: POST /api/member/list 200 329 - 5.247 ms
2020-01-06T05:06:52.321Z - info: OPTIONS /api/member/list 200 4 - 0.379 ms
2020-01-06T05:06:52.364Z - info: POST /api/member/list 200 329 - 3.087 ms
2020-01-06T08:03:19.518Z - info: OPTIONS /api/member/list 200 4 - 2.436 ms
2020-01-06T08:03:19.663Z - info: POST /api/member/list 200 329 - 111.700 ms
2020-01-06T08:03:30.023Z - info: OPTIONS /api/member/add 200 4 - 0.575 ms
2020-01-06T08:03:30.065Z - info: POST /api/member/add 200 309 - 37.149 ms
2020-01-06T08:03:30.114Z - info: OPTIONS /api/member/list 200 4 - 0.255 ms
2020-01-06T08:03:30.125Z - info: POST /api/member/list 200 585 - 4.894 ms
2020-01-06T08:03:33.576Z - info: POST /api/member/list 200 585 - 3.605 ms
2020-01-06T08:03:45.722Z - info: OPTIONS /api/member/add 200 4 - 0.308 ms
2020-01-06T08:03:45.726Z - info: POST /api/member/add 200 38 - 1.629 ms
2020-01-06T08:03:48.574Z - info: POST /api/member/add 200 38 - 1.985 ms
2020-01-06T08:03:57.012Z - info: OPTIONS /api/member/add 200 4 - 0.337 ms
2020-01-06T08:03:57.023Z - info: POST /api/member/add 200 313 - 8.642 ms
2020-01-06T08:03:57.099Z - info: OPTIONS /api/member/list 200 4 - 0.251 ms
2020-01-06T08:03:57.123Z - info: POST /api/member/list 200 845 - 4.101 ms
2020-01-06T08:04:01.008Z - info: POST /api/member/list 200 845 - 3.803 ms
2020-01-06T08:04:41.906Z - info: OPTIONS /api/member/list 200 4 - 0.477 ms
2020-01-06T08:04:41.947Z - info: POST /api/member/list 200 845 - 10.183 ms
2020-01-06T08:04:57.536Z - info: OPTIONS /api/member/add 200 4 - 0.348 ms
2020-01-06T08:04:57.549Z - info: POST /api/member/add 200 315 - 8.627 ms
2020-01-06T08:04:57.608Z - info: OPTIONS /api/member/list 200 4 - 0.238 ms
2020-01-06T08:04:57.624Z - info: POST /api/member/list 200  - 5.124 ms
2020-01-06T08:05:00.434Z - info: POST /api/member/list 200  - 2.797 ms
2020-01-06T08:06:28.519Z - info: OPTIONS /api/member/update 200 4 - 0.309 ms
2020-01-06T08:06:28.532Z - info: POST /api/member/update 200 45 - 10.358 ms
2020-01-06T08:06:28.605Z - info: OPTIONS /api/member/list 200 4 - 0.235 ms
2020-01-06T08:06:28.617Z - info: POST /api/member/list 200  - 4.105 ms
2020-01-06T08:06:31.455Z - info: POST /api/member/list 200  - 2.905 ms
2020-01-06T08:06:39.943Z - info: OPTIONS /api/member/update 200 4 - 0.309 ms
2020-01-06T08:06:39.952Z - info: POST /api/member/update 200 45 - 5.807 ms
2020-01-06T08:06:40.029Z - info: OPTIONS /api/member/list 200 4 - 0.241 ms
2020-01-06T08:06:40.042Z - info: POST /api/member/list 200  - 4.069 ms
2020-01-06T08:06:44.515Z - info: POST /api/member/update 200 45 - 6.631 ms
2020-01-06T08:06:44.576Z - info: POST /api/member/list 200  - 3.953 ms
2020-01-06T08:06:47.796Z - info: OPTIONS /api/member/list 200 4 - 0.226 ms
2020-01-06T08:06:47.829Z - info: POST /api/member/list 200  - 4.686 ms
2020-01-06T08:07:26.768Z - info: OPTIONS /api/member/add 200 4 - 0.259 ms
2020-01-06T08:07:26.781Z - info: POST /api/member/add 200 315 - 8.952 ms
2020-01-06T08:07:26.842Z - info: OPTIONS /api/member/list 200 4 - 0.243 ms
2020-01-06T08:07:26.868Z - info: POST /api/member/list 200  - 12.130 ms
2020-01-06T08:07:30.249Z - info: POST /api/member/list 200  - 2.628 ms
2020-01-06T08:08:35.912Z - info: OPTIONS /api/member/list 200 4 - 2.077 ms
2020-01-06T08:08:36.028Z - info: POST /api/member/list 200  - 77.396 ms
2020-01-06T08:10:49.506Z - info: OPTIONS /api/member/add 200 4 - 2.971 ms
2020-01-06T08:10:49.609Z - info: POST /api/member/add 200 315 - 88.167 ms
2020-01-06T08:10:49.664Z - info: OPTIONS /api/member/list 200 4 - 0.300 ms
2020-01-06T08:10:49.702Z - info: POST /api/member/list 200  - 5.359 ms
2020-01-06T08:10:52.748Z - info: POST /api/member/list 200  - 3.299 ms
2020-01-06T08:11:13.526Z - info: OPTIONS /api/member/update 200 4 - 0.378 ms
2020-01-06T08:11:13.539Z - info: POST /api/member/update 200 45 - 8.738 ms
2020-01-06T08:11:13.621Z - info: OPTIONS /api/member/list 200 4 - 0.262 ms
2020-01-06T08:11:13.649Z - info: POST /api/member/list 200  - 15.272 ms
2020-01-06T08:14:48.045Z - info: OPTIONS /api/member/list 200 4 - 2.132 ms
2020-01-06T08:14:48.194Z - info: POST /api/member/list 200  - 110.903 ms
2020-01-06T08:15:01.834Z - info: OPTIONS /api/member/add 200 4 - 0.397 ms
2020-01-06T08:15:01.856Z - info: POST /api/member/add 200 319 - 17.844 ms
2020-01-06T08:15:01.921Z - info: OPTIONS /api/member/list 200 4 - 0.244 ms
2020-01-06T08:15:01.934Z - info: POST /api/member/list 200  - 6.340 ms
