2020-01-02T01:24:00.923Z - info: POST /api/member/test 404 55 - 7.242 ms
2020-01-02T01:28:00.806Z - info: POST /api/member/create 500 36 - 185.652 ms
2020-01-02T01:29:12.998Z - info: POST /api/member/create 500 36 - 179.473 ms
2020-01-02T01:30:26.324Z - info: POST /api/member/create 500 36 - 132.735 ms
2020-01-02T01:35:37.776Z - info: POST /api/member/create 500 36 - 151.490 ms
2020-01-02T01:36:58.056Z - info: POST /api/member/create 500 36 - 13.027 ms
2020-01-02T01:37:27.343Z - info: POST /api/member/create 500 36 - 4.868 ms
2020-01-02T01:37:52.097Z - info: POST /api/member/create 500 36 - 99.672 ms
2020-01-02T01:39:43.781Z - info: POST /api/member/create 500 36 - 132.346 ms
2020-01-02T01:46:02.612Z - info: POST /api/member/create 200 41 - 2.923 ms
2020-01-02T01:46:19.509Z - info: GET /api/member/sms/send?phone=18277305020 200 54 - 508.317 ms
2020-01-02T01:46:46.971Z - info: POST /api/member/create 200 41 - 0.950 ms
2020-01-02T01:48:00.265Z - info: POST /api/member/create 200 41 - 3.327 ms
2020-01-02T01:48:20.540Z - info: POST /api/member/create 200 41 - 6.493 ms
2020-01-02T01:48:55.966Z - info: POST /api/member/create 200 38 - 66.980 ms
2020-01-02T01:50:00.865Z - info: POST /api/member/create 200 41 - 2.775 ms
2020-01-02T01:50:11.235Z - info: POST /api/member/create 200 38 - 96.427 ms
2020-01-02T01:52:36.811Z - info: POST /api/member/create 200 41 - 2.905 ms
2020-01-02T01:52:38.492Z - info: POST /api/member/create 200 41 - 0.781 ms
2020-01-02T01:52:48.707Z - info: GET /api/member/sms/send?phone=18277305020 200 54 - 463.288 ms
2020-01-02T01:53:13.968Z - info: POST /api/member/create 200 38 - 178.564 ms
2020-01-02T01:55:32.865Z - info: POST /api/member/create 200 38 - 74.838 ms
2020-01-02T02:06:01.369Z - info: POST /api/member/create 200 41 - 2.501 ms
2020-01-02T02:06:17.789Z - info: POST /api/member/create 200 41 - 0.650 ms
2020-01-02T02:06:28.111Z - info: GET /api/member/sms/send?phone=18277305020 200 54 - 412.385 ms
2020-01-02T02:06:46.709Z - info: POST /api/member/create 200 38 - 78.193 ms
2020-01-02T02:08:17.679Z - info: POST /api/member/create 200 38 - 69.944 ms
2020-01-02T02:14:01.313Z - info: POST /api/member/login 200 41 - 3.008 ms
2020-01-02T02:14:15.161Z - info: GET /api/member/sms/send?phone=18277305020 200 54 - 8948.322 ms
2020-01-02T02:15:12.431Z - info: POST /api/member/login 200 38 - 0.846 ms
2020-01-02T02:15:21.317Z - info: POST /api/member/login 200 38 - 0.744 ms
2020-01-02T02:15:49.405Z - info: GET /api/member/sms/send?phone=18277305020 200 65 - 0.696 ms
2020-01-02T02:16:33.226Z - info: GET /api/member/sms/send?phone=18277305020 200 65 - 0.736 ms
2020-01-02T02:16:37.791Z - info: GET /api/member/sms/send?phone=18277305020 200 65 - 0.608 ms
2020-01-02T02:21:25.848Z - info: GET /api/member/sms/send?phone=18277305020 200 54 - 471.230 ms
2020-01-02T02:21:27.559Z - info: GET /api/member/sms/send?phone=18277305020 200 65 - 0.833 ms
2020-01-02T02:22:40.270Z - info: POST /api/member/login 200 489 - 70.865 ms
2020-01-02T02:23:19.732Z - info: POST /api/member/login 200 489 - 3.652 ms
2020-01-02T02:23:25.269Z - info: POST /api/member/login 200 489 - 2.499 ms
2020-01-02T02:23:45.585Z - info: POST /api/member/list 500 45 - 5.282 ms
2020-01-02T02:23:47.809Z - info: POST /api/member/list 500 45 - 51.231 ms
2020-01-02T02:23:59.433Z - info: POST /api/member/list 500 45 - 8.515 ms
2020-01-02T02:24:24.338Z - info: POST /api/member/list 500 45 - 75.658 ms
2020-01-02T02:25:52.175Z - error: uncaughtException: Unexpected token ',' date=Thu Jan 02 2020 10:25:52 GMT+0800 (GMT+08:00), pid=2180, uid=null, gid=null, cwd=E:\WebstormProjects\app-backend-test, execPath=C:\Program Files\nodejs\node.exe, version=v12.13.1, argv=[C:\Program Files\nodejs\node.exe, E:\WebstormProjects\app-backend-test\server.js], rss=76955648, heapTotal=59461632, heapUsed=34954240, external=1388933, loadavg=[0, 0, 0], uptime=262604, trace=[column=18, file=internal/modules/cjs/loader.js, function=Module._compile, line=895, method=_compile, native=false, column=10, file=internal/modules/cjs/loader.js, function=Module._extensions..js, line=995, method=.js, native=false, column=32, file=internal/modules/cjs/loader.js, function=Module.load, line=815, method=load, native=false, column=14, file=internal/modules/cjs/loader.js, function=Module._load, line=727, method=_load, native=false, column=19, file=internal/modules/cjs/loader.js, function=Module.require, line=852, method=require, native=false, column=18, file=internal/modules/cjs/helpers.js, function=require, line=74, method=null, native=false, column=46, file=E:\WebstormProjects\app-backend-test\server\routes\member.js, function=null, line=4, method=null, native=false, column=30, file=internal/modules/cjs/loader.js, function=Module._compile, line=959, method=_compile, native=false, column=10, file=internal/modules/cjs/loader.js, function=Module._extensions..js, line=995, method=.js, native=false, column=32, file=internal/modules/cjs/loader.js, function=Module.load, line=815, method=load, native=false], stack=[E:\WebstormProjects\app-backend-test\server\controller\MemberController.js:98,         const {size, page, ...params} = req.body?req.body:{'10','1',{}},                                                                ^, , SyntaxError: Unexpected token ',',     at Module._compile (internal/modules/cjs/loader.js:895:18),     at Object.Module._extensions..js (internal/modules/cjs/loader.js:995:10),     at Module.load (internal/modules/cjs/loader.js:815:32),     at Function.Module._load (internal/modules/cjs/loader.js:727:14),     at Module.require (internal/modules/cjs/loader.js:852:19),     at require (internal/modules/cjs/helpers.js:74:18),     at Object.<anonymous> (E:\WebstormProjects\app-backend-test\server\routes\member.js:4:46),     at Module._compile (internal/modules/cjs/loader.js:959:30),     at Object.Module._extensions..js (internal/modules/cjs/loader.js:995:10),     at Module.load (internal/modules/cjs/loader.js:815:32)]
2020-01-02T02:26:33.990Z - info: POST /api/member/list 500 45 - 182.248 ms
2020-01-02T02:26:35.169Z - info: POST /api/member/list 500 45 - 6.224 ms
2020-01-02T02:26:56.476Z - info: POST /api/member/list 500 45 - 69.133 ms
2020-01-02T02:27:35.595Z - info: POST /api/member/list 500 45 - 83.402 ms
2020-01-02T02:28:50.591Z - info: POST /api/member/list 500 45 - 5.611 ms
2020-01-02T02:28:55.294Z - info: POST /api/member/list 500 45 - 6.254 ms
2020-01-02T02:30:05.350Z - info: POST /api/member/list 500 45 - 161.457 ms
2020-01-02T02:30:09.401Z - info: POST /api/member/list 500 45 - 3.286 ms
2020-01-02T02:30:38.964Z - info: POST /api/member/list 500 45 - 66.106 ms
2020-01-02T02:32:26.857Z - info: POST /api/member/list 200 327 - 93.621 ms
2020-01-02T02:37:03.177Z - info: POST /api/member/remover 404 55 - 7.633 ms
2020-01-02T02:37:09.942Z - info: GET /api/member/remover 200 50 - 99.271 ms
2020-01-02T02:37:18.840Z - info: GET /api/member/remover 200 50 - 18.678 ms
2020-01-02T02:37:24.576Z - info: GET /api/member/remover 200 50 - 17.626 ms
2020-01-02T02:38:09.840Z - info: GET /api/member/remover 200 46 - 100.627 ms
2020-01-02T02:38:23.171Z - info: GET /api/member/sms/send?phone=18277305020 200 54 - 526.762 ms
2020-01-02T02:38:37.125Z - info: POST /api/member/create 200 38 - 4.223 ms
2020-01-02T02:39:04.637Z - info: POST /api/member/list 200 69 - 12.008 ms
2020-01-02T02:39:25.372Z - info: POST /api/member/create 200 38 - 2.212 ms
2020-01-02T02:40:04.995Z - info: POST /api/member/create 200 38 - 77.953 ms
2020-01-02T02:40:31.358Z - info: POST /api/member/create 200 311 - 154.055 ms
2020-01-02T02:42:31.839Z - info: POST /api/member/update   -  ms
2020-01-02T02:42:36.419Z - info: POST /api/member/update 200 40 - 9.186 ms
2020-01-02T02:42:43.264Z - info: POST /api/member/list 200 327 - 6.132 ms
2020-01-02T02:59:05.757Z - info: POST /api/member/login 200 41 - 3.127 ms
2020-01-02T02:59:15.335Z - info: GET /api/member/sms/send?phone=18277305020 200 54 - 6685.787 ms
2020-01-02T02:59:36.796Z - info: POST /api/member/login 200 489 - 81.729 ms
2020-01-02T03:00:09.219Z - error: uncaughtException: Missing initializer in const declaration date=Thu Jan 02 2020 11:00:09 GMT+0800 (GMT+08:00), pid=13116, uid=null, gid=null, cwd=E:\WebstormProjects\app-backend-test, execPath=C:\Program Files\nodejs\node.exe, version=v12.13.1, argv=[C:\Program Files\nodejs\node.exe, E:\WebstormProjects\app-backend-test\server.js], rss=97632256, heapTotal=72331264, heapUsed=52006496, external=2315049, loadavg=[0, 0, 0], uptime=264661, trace=[column=18, file=internal/modules/cjs/loader.js, function=Module._compile, line=895, method=_compile, native=false, column=10, file=internal/modules/cjs/loader.js, function=Module._extensions..js, line=995, method=.js, native=false, column=32, file=internal/modules/cjs/loader.js, function=Module.load, line=815, method=load, native=false, column=14, file=internal/modules/cjs/loader.js, function=Module._load, line=727, method=_load, native=false, column=19, file=internal/modules/cjs/loader.js, function=Module.require, line=852, method=require, native=false, column=18, file=internal/modules/cjs/helpers.js, function=require, line=74, method=null, native=false, column=16, file=E:\WebstormProjects\app-backend-test\server\routes\member.js, function=null, line=7, method=null, native=false, column=30, file=internal/modules/cjs/loader.js, function=Module._compile, line=959, method=_compile, native=false, column=10, file=internal/modules/cjs/loader.js, function=Module._extensions..js, line=995, method=.js, native=false, column=32, file=internal/modules/cjs/loader.js, function=Module.load, line=815, method=load, native=false, column=14, file=internal/modules/cjs/loader.js, function=Module._load, line=727, method=_load, native=false, column=19, file=internal/modules/cjs/loader.js, function=Module.require, line=852, method=require, native=false, column=18, file=internal/modules/cjs/helpers.js, function=require, line=74, method=null, native=false, column=28, file=E:\WebstormProjects\app-backend-test\server\config\route-config.js, function=Object.routeConfig.init, line=6, method=init, native=false, column=17, file=E:\WebstormProjects\app-backend-test\server\app.js, function=null, line=40, method=null, native=false, column=3, file=E:\WebstormProjects\app-backend-test\server\app.js, function=null, line=45, method=null, native=false], stack=[E:\WebstormProjects\app-backend-test\server\middleware\Authority.js:7,     console.log(result),     ^^^^^^^, , SyntaxError: Missing initializer in const declaration,     at Module._compile (internal/modules/cjs/loader.js:895:18),     at Object.Module._extensions..js (internal/modules/cjs/loader.js:995:10),     at Module.load (internal/modules/cjs/loader.js:815:32),     at Function.Module._load (internal/modules/cjs/loader.js:727:14),     at Module.require (internal/modules/cjs/loader.js:852:19),     at require (internal/modules/cjs/helpers.js:74:18),     at Object.<anonymous> (E:\WebstormProjects\app-backend-test\server\routes\member.js:7:16),     at Module._compile (internal/modules/cjs/loader.js:959:30),     at Object.Module._extensions..js (internal/modules/cjs/loader.js:995:10),     at Module.load (internal/modules/cjs/loader.js:815:32),     at Function.Module._load (internal/modules/cjs/loader.js:727:14),     at Module.require (internal/modules/cjs/loader.js:852:19),     at require (internal/modules/cjs/helpers.js:74:18),     at Object.routeConfig.init (E:\WebstormProjects\app-backend-test\server\config\route-config.js:6:28),     at E:\WebstormProjects\app-backend-test\server\app.js:40:17,     at Object.<anonymous> (E:\WebstormProjects\app-backend-test\server\app.js:45:3)]
2020-01-02T03:05:13.385Z - info: POST /api/member/update 200 45 - 214.935 ms
2020-01-02T03:05:18.214Z - info: POST /api/member/update 200 38 - 5.043 ms
2020-01-02T03:05:37.382Z - info: POST /api/member/update 200 45 - 89.730 ms
2020-01-02T03:05:57.854Z - info: POST /api/member/update 200 38 - 78.832 ms
2020-01-02T03:05:59.808Z - info: POST /api/member/update 200 38 - 6.946 ms
2020-01-02T03:06:17.198Z - info: POST /api/member/update 200 45 - 208.978 ms
2020-01-02T04:04:30.886Z - info: OPTIONS /api/auth/sms/send?phone=18277305020 404 55 - 8.347 ms
2020-01-02T04:04:49.822Z - info: GET /api/auth/sms/send?phone=18277305020 404 55 - 5.761 ms
2020-01-02T04:06:23.783Z - info: OPTIONS /api/member/sms/send?phone=18277305020 200 8 - 1.940 ms
2020-01-02T04:06:24.225Z - info: GET /api/member/sms/send?phone=18277305020 200 54 - 439.149 ms
2020-01-02T04:06:35.508Z - info: OPTIONS /api/member/login 200 4 - 0.467 ms
2020-01-02T04:06:35.652Z - info: POST /api/member/login 200 489 - 128.038 ms
2020-01-02T04:07:28.596Z - info: OPTIONS /api/member/login 200 4 - 0.321 ms
2020-01-02T04:07:28.601Z - info: POST /api/member/login 200 489 - 2.417 ms
2020-01-02T04:08:06.030Z - info: OPTIONS /api/member/login 200 4 - 0.301 ms
2020-01-02T04:08:06.035Z - info: POST /api/member/login 200 489 - 2.387 ms
2020-01-02T04:08:44.966Z - info: OPTIONS /api/member/sms/send?phone=18277305020 200 8 - 0.322 ms
2020-01-02T04:08:44.971Z - info: GET /api/member/sms/send?phone=18277305020 200 65 - 0.748 ms
2020-01-02T04:08:47.604Z - info: OPTIONS /api/member/login 200 4 - 0.285 ms
2020-01-02T04:08:47.609Z - info: POST /api/member/login 200 38 - 0.550 ms
2020-01-02T04:08:59.610Z - info: OPTIONS /api/member/login 200 4 - 0.292 ms
2020-01-02T04:08:59.615Z - info: POST /api/member/login 200 489 - 2.206 ms
2020-01-02T04:09:20.399Z - info: OPTIONS /api/member/login 200 4 - 0.317 ms
2020-01-02T04:09:20.421Z - info: POST /api/member/login 200 489 - 1.722 ms
2020-01-02T04:10:18.727Z - info: OPTIONS /api/member/login 200 4 - 0.276 ms
2020-01-02T04:10:18.732Z - info: POST /api/member/login 200 489 - 2.787 ms
2020-01-02T06:17:01.694Z - info: OPTIONS /api/member/sms/send?phone=18277305020 200 8 - 0.981 ms
2020-01-02T06:17:02.243Z - info: GET /api/member/sms/send?phone=18277305020 200 54 - 544.855 ms
2020-01-02T06:17:11.357Z - info: OPTIONS /api/member/login 200 4 - 0.333 ms
2020-01-02T06:17:11.362Z - info: POST /api/member/login 200 489 - 2.664 ms
2020-01-02T06:17:12.249Z - info: OPTIONS /api/auth/list?page=1&size=10 404 55 - 4.421 ms
2020-01-02T06:18:09.255Z - info: OPTIONS /api/member/list?page=1&size=10 200 4 - 0.368 ms
2020-01-02T06:18:09.290Z - info: GET /api/member/list?page=1&size=10 404 55 - 4.116 ms
2020-01-02T06:19:17.838Z - info: OPTIONS /api/member/list?page=1&size=10 200 4 - 2.133 ms
2020-01-02T06:19:17.875Z - info: GET /api/member/list?page=1&size=10 404 55 - 8.679 ms
2020-01-02T06:20:43.224Z - info: OPTIONS /api/member/list 200 4 - 2.318 ms
2020-01-02T06:20:43.345Z - info: POST /api/member/list 200 38 - 84.576 ms
2020-01-02T06:20:59.857Z - info: OPTIONS /api/member/list 200 4 - 2.225 ms
2020-01-02T06:20:59.984Z - info: POST /api/member/list 200 38 - 88.940 ms
2020-01-02T06:21:31.595Z - info: OPTIONS /api/member/list 200 4 - 2.413 ms
2020-01-02T06:21:31.728Z - info: POST /api/member/list 200 38 - 99.198 ms
2020-01-02T06:23:05.147Z - info: OPTIONS /api/member/list 200 4 - 2.253 ms
2020-01-02T06:23:05.240Z - info: POST /api/member/list 200 327 - 79.939 ms
2020-01-02T06:23:14.038Z - info: OPTIONS /api/member/list 200 4 - 0.332 ms
2020-01-02T06:23:14.110Z - info: POST /api/member/list 200 327 - 35.561 ms
2020-01-02T06:26:08.374Z - info: OPTIONS /api/member/list 200 4 - 2.405 ms
2020-01-02T06:26:08.531Z - info: POST /api/member/list 200 327 - 114.237 ms
2020-01-02T06:26:35.669Z - info: OPTIONS /api/member/list 200 4 - 0.352 ms
2020-01-02T06:26:35.707Z - info: POST /api/member/list 200 327 - 6.544 ms
2020-01-02T06:26:42.011Z - info: OPTIONS /api/member/list 200 4 - 0.449 ms
2020-01-02T06:26:42.051Z - info: POST /api/member/list 200 327 - 8.653 ms
2020-01-02T06:27:00.137Z - info: OPTIONS /api/member/list 200 4 - 0.223 ms
2020-01-02T06:27:00.167Z - info: POST /api/member/list 401 40 - 1.222 ms
2020-01-02T06:27:58.610Z - info: OPTIONS /api/member/list 200 4 - 0.510 ms
2020-01-02T06:27:58.642Z - info: POST /api/member/list 401 40 - 1.232 ms
2020-01-02T06:28:06.306Z - info: OPTIONS /api/member/list 200 4 - 0.283 ms
2020-01-02T06:28:06.326Z - info: POST /api/member/list 401 40 - 7.149 ms
2020-01-02T06:28:31.440Z - info: OPTIONS /api/member/list 200 4 - 0.344 ms
2020-01-02T06:28:31.471Z - info: POST /api/member/list 401 40 - 1.008 ms
2020-01-02T06:29:22.028Z - info: OPTIONS /api/member/list 200 4 - 0.297 ms
2020-01-02T06:29:22.056Z - info: POST /api/member/list 401 40 - 1.202 ms
2020-01-02T06:29:27.277Z - info: OPTIONS /api/member/list 200 4 - 0.282 ms
2020-01-02T06:29:27.311Z - info: POST /api/member/list 401 40 - 1.820 ms
2020-01-02T06:29:34.418Z - info: OPTIONS /api/member/list 200 4 - 0.243 ms
2020-01-02T06:29:34.448Z - info: POST /api/member/list 401 40 - 2.076 ms
2020-01-02T06:29:43.042Z - info: OPTIONS /api/member/list 200 4 - 0.279 ms
2020-01-02T06:29:43.072Z - info: POST /api/member/list 401 40 - 1.415 ms
2020-01-02T06:29:47.114Z - info: POST /api/member/list 401 40 - 2.269 ms
2020-01-02T06:31:13.432Z - info: OPTIONS /api/member/list 200 4 - 0.225 ms
2020-01-02T06:31:13.461Z - info: POST /api/member/list 401 40 - 1.176 ms
2020-01-02T06:31:17.419Z - info: POST /api/member/list 401 40 - 1.179 ms
2020-01-02T06:31:27.213Z - info: OPTIONS /api/member/list 200 4 - 0.457 ms
2020-01-02T06:31:27.246Z - info: POST /api/member/list 401 40 - 1.255 ms
2020-01-02T06:32:03.620Z - info: OPTIONS /api/member/list 200 4 - 0.226 ms
2020-01-02T06:32:03.677Z - info: POST /api/member/list 401 40 - 2.144 ms
2020-01-02T06:32:27.427Z - info: OPTIONS /api/member/list 200 4 - 0.251 ms
2020-01-02T06:32:27.456Z - info: POST /api/member/list 401 40 - 1.182 ms
2020-01-02T06:32:34.603Z - info: OPTIONS /api/member/list 200 4 - 0.271 ms
2020-01-02T06:32:34.629Z - info: POST /api/member/list 401 40 - 1.100 ms
2020-01-02T06:32:38.049Z - info: POST /api/member/list 401 40 - 1.371 ms
2020-01-02T06:33:40.783Z - info: OPTIONS /api/member/list 200 4 - 0.262 ms
2020-01-02T06:33:40.814Z - info: POST /api/member/list 401 40 - 2.068 ms
2020-01-02T06:33:50.307Z - info: OPTIONS /api/member/list 200 4 - 0.320 ms
2020-01-02T06:33:50.334Z - info: POST /api/member/list 401 40 - 0.986 ms
2020-01-02T06:34:57.781Z - info: OPTIONS /api/member/list 200 4 - 0.327 ms
2020-01-02T06:34:57.808Z - info: POST /api/member/list 401 40 - 1.045 ms
2020-01-02T06:35:03.537Z - info: OPTIONS /api/member/list 200 4 - 0.352 ms
2020-01-02T06:35:03.576Z - info: POST /api/member/list 401 40 - 6.912 ms
2020-01-02T06:35:13.632Z - info: OPTIONS /api/member/list 200 4 - 0.334 ms
2020-01-02T06:35:13.693Z - info: POST /api/member/list 401 40 - 19.088 ms
2020-01-02T06:37:01.748Z - info: OPTIONS /api/member/list 200 4 - 0.238 ms
2020-01-02T06:37:01.774Z - info: POST /api/member/list 401 40 - 1.064 ms
2020-01-02T06:37:11.435Z - info: OPTIONS /api/member/list 200 4 - 0.251 ms
2020-01-02T06:37:11.461Z - info: POST /api/member/list 401 40 - 1.086 ms
2020-01-02T06:37:15.419Z - info: POST /api/member/list 401 40 - 0.950 ms
2020-01-02T06:37:26.789Z - info: OPTIONS /api/member/list 200 4 - 0.215 ms
2020-01-02T06:37:26.828Z - info: POST /api/member/list 401 40 - 6.008 ms
2020-01-02T06:37:45.986Z - info: OPTIONS /api/member/list 200 4 - 0.323 ms
2020-01-02T06:37:46.018Z - info: POST /api/member/list 401 40 - 1.598 ms
2020-01-02T06:37:56.653Z - info: OPTIONS /api/member/login 200 4 - 0.334 ms
2020-01-02T06:37:56.658Z - info: POST /api/member/login 200 41 - 2.084 ms
2020-01-02T06:38:30.363Z - info: OPTIONS /api/member/login 200 4 - 0.385 ms
2020-01-02T06:38:30.369Z - info: POST /api/member/login 200 41 - 0.582 ms
2020-01-02T06:38:33.393Z - info: OPTIONS /api/member/sms/send?phone=18277305020 200 8 - 0.228 ms
2020-01-02T06:38:33.598Z - info: GET /api/member/sms/send?phone=18277305020 304  - 202.052 ms
2020-01-02T06:38:45.657Z - info: OPTIONS /api/member/login 200 4 - 0.375 ms
2020-01-02T06:38:45.670Z - info: POST /api/member/login 200 489 - 10.185 ms
2020-01-02T06:38:46.631Z - info: OPTIONS /api/member/list 200 4 - 0.238 ms
2020-01-02T06:38:46.668Z - info: POST /api/member/list 200 327 - 5.949 ms
2020-01-02T06:38:49.131Z - info: POST /api/member/list 200 327 - 4.522 ms
2020-01-02T06:39:21.917Z - info: OPTIONS /api/auth/member/update 404 55 - 6.902 ms
2020-01-02T06:39:44.201Z - info: OPTIONS /api/member/list 200 4 - 0.269 ms
2020-01-02T06:39:44.247Z - info: POST /api/member/list 200 327 - 4.626 ms
2020-01-02T06:39:49.211Z - info: OPTIONS /api/member/update 200 4 - 0.289 ms
2020-01-02T06:39:49.233Z - info: POST /api/member/update 200 45 - 16.939 ms
2020-01-02T06:39:49.263Z - info: OPTIONS /api/member/list 200 4 - 0.489 ms
2020-01-02T06:39:49.272Z - info: POST /api/member/list 200 328 - 4.131 ms
2020-01-02T06:39:51.792Z - info: POST /api/member/list 200 328 - 4.176 ms
2020-01-02T06:41:03.724Z - info: OPTIONS /api/member/list 200 4 - 0.193 ms
2020-01-02T06:41:03.764Z - info: POST /api/member/list 200 328 - 9.502 ms
2020-01-02T06:42:06.251Z - info: OPTIONS /api/member/login 200 4 - 0.240 ms
2020-01-02T06:42:06.254Z - info: POST /api/member/login 200 38 - 0.544 ms
2020-01-02T06:42:19.754Z - info: OPTIONS /api/member/login 200 4 - 0.397 ms
2020-01-02T06:42:19.757Z - info: POST /api/member/login 200 490 - 1.815 ms
2020-01-02T06:43:51.754Z - info: OPTIONS /api/member/sms/send?phone=15278524724 200 8 - 0.270 ms
2020-01-02T06:43:52.260Z - info: GET /api/member/sms/send?phone=15278524724 200 54 - 502.870 ms
2020-01-02T06:44:15.805Z - info: OPTIONS /api/member/create 200 4 - 0.256 ms
2020-01-02T06:44:15.832Z - info: POST /api/member/create 200 330 - 23.455 ms
2020-01-02T06:46:36.597Z - info: POST /api/member/list 200 605 - 5.529 ms
2020-01-02T06:47:22.742Z - info: GET /api/member/remover?mid=0a0e51d4-136a-4302-815b-7fcc7f3eb8eb 200 46 - 6.201 ms
2020-01-02T06:47:29.708Z - info: OPTIONS /api/member/sms/send?phone=18277305020 200 8 - 0.282 ms
2020-01-02T06:47:30.139Z - info: GET /api/member/sms/send?phone=18277305020 304  - 428.697 ms
2020-01-02T06:47:45.029Z - info: OPTIONS /api/member/create 200 4 - 0.268 ms
2020-01-02T06:47:45.038Z - info: POST /api/member/create 200 330 - 5.547 ms
2020-01-02T06:48:40.144Z - info: POST /api/member/list   -  ms
2020-01-02T06:48:56.985Z - info: POST /api/member/list   -  ms
2020-01-02T06:49:15.889Z - info: POST /api/member/list 200 42 - 2.430 ms
2020-01-02T06:49:25.673Z - info: POST /api/member/list 200 42 - 0.523 ms
2020-01-02T06:49:59.334Z - info: POST /api/member/list 200 622 - 76.575 ms
2020-01-02T06:50:52.145Z - info: GET /api/member/remover?mid=42ef912d-a295-4ebe-bad4-28c27b186002   -  ms
2020-01-02T06:51:27.905Z - info: POST /api/member/list 200 622 - 75.457 ms
2020-01-02T06:54:51.085Z - info: GET /api/member/remove?mid=42ef912d-a295-4ebe-bad4-28c27b186002 200 46 - 78.115 ms
2020-01-02T06:55:10.176Z - info: OPTIONS /api/member/sms/send?phone=18277305020 200 8 - 1.051 ms
2020-01-02T06:55:10.687Z - info: GET /api/member/sms/send?phone=18277305020 304  - 507.132 ms
2020-01-02T06:55:24.068Z - info: OPTIONS /api/member/create 200 4 - 0.669 ms
2020-01-02T06:55:24.088Z - info: POST /api/member/create 200 330 - 17.179 ms
2020-01-02T06:55:59.750Z - info: GET /api/member/remove?mid=42ef912d-a295-4ebe-bad4-28c27b186002 200 46 - 2.180 ms
2020-01-02T06:56:06.993Z - info: POST /api/member/list 200 622 - 4.152 ms
2020-01-02T06:56:24.770Z - info: GET /api/member/remove?mid=279b1f35-7611-4c85-a6c0-ef1c5035f3be 200 46 - 1.959 ms
2020-01-02T06:56:44.058Z - info: OPTIONS /api/member/create 200 4 - 1.387 ms
2020-01-02T06:56:44.066Z - info: POST /api/member/create 200 330 - 6.628 ms
2020-01-02T06:57:06.970Z - info: POST /api/member/list 200 622 - 4.077 ms
2020-01-02T06:57:20.611Z - info: GET /api/member/remove?mid=c1fe27f1-1aca-4f5c-a3cb-2911608fb91e 200 46 - 2.332 ms
2020-01-02T06:57:31.098Z - info: OPTIONS /api/member/create 200 4 - 0.297 ms
2020-01-02T06:57:31.112Z - info: POST /api/member/create 200 330 - 4.694 ms
2020-01-02T06:58:49.902Z - info: OPTIONS /api/member/sms/send?phone=18277305020 200 8 - 2.724 ms
2020-01-02T06:58:49.908Z - info: GET /api/member/sms/send?phone=18277305020 200 65 - 1.310 ms
2020-01-02T06:58:57.113Z - info: OPTIONS /api/member/login 200 4 - 0.349 ms
2020-01-02T06:58:57.210Z - info: POST /api/member/login 200 507 - 87.405 ms
2020-01-02T06:58:58.209Z - info: OPTIONS /api/member/list 200 4 - 0.275 ms
2020-01-02T06:58:58.305Z - info: POST /api/member/list 200 622 - 23.753 ms
2020-01-02T06:59:02.325Z - info: POST /api/member/list 200 622 - 13.279 ms
2020-01-02T07:00:17.952Z - info: OPTIONS /api/member/list 200 4 - 0.666 ms
2020-01-02T07:00:18.021Z - info: POST /api/member/list 200 622 - 11.071 ms
2020-01-02T07:00:40.177Z - info: OPTIONS /api/member/list 200 4 - 0.324 ms
2020-01-02T07:00:40.236Z - info: POST /api/member/list 200 622 - 11.170 ms
2020-01-02T07:01:00.965Z - info: OPTIONS /api/member/list 200 4 - 0.986 ms
2020-01-02T07:01:01.054Z - info: POST /api/member/list 200 622 - 10.596 ms
2020-01-02T07:01:22.420Z - info: OPTIONS /api/member/list 200 4 - 0.355 ms
2020-01-02T07:01:22.458Z - info: POST /api/member/list 200 622 - 7.207 ms
2020-01-02T07:01:27.237Z - info: POST /api/member/list 200 622 - 4.047 ms
2020-01-02T07:03:16.920Z - info: OPTIONS /api/member/list 200 4 - 0.495 ms
2020-01-02T07:03:16.967Z - info: POST /api/member/list 200 622 - 15.153 ms
2020-01-02T07:04:21.618Z - info: OPTIONS /api/member/list 200 4 - 0.308 ms
2020-01-02T07:04:21.662Z - info: POST /api/member/list 200 622 - 4.903 ms
2020-01-02T07:04:24.934Z - info: POST /api/member/list 200 622 - 5.379 ms
2020-01-02T07:04:43.674Z - info: OPTIONS /api/member/list 200 4 - 0.347 ms
2020-01-02T07:04:43.772Z - info: POST /api/member/list 200 622 - 10.198 ms
2020-01-02T07:04:58.092Z - info: OPTIONS /api/member/list 200 4 - 0.263 ms
2020-01-02T07:04:58.130Z - info: POST /api/member/list 200 622 - 6.083 ms
2020-01-02T07:05:35.152Z - info: OPTIONS /api/member/list 200 4 - 0.309 ms
2020-01-02T07:05:35.191Z - info: POST /api/member/list 200 622 - 7.039 ms
2020-01-02T07:06:10.554Z - info: OPTIONS /api/member/list 200 4 - 0.336 ms
2020-01-02T07:06:10.600Z - info: POST /api/member/list 200 622 - 6.779 ms
2020-01-02T07:06:31.673Z - info: OPTIONS /api/member/list 200 4 - 0.257 ms
2020-01-02T07:06:31.703Z - info: POST /api/member/list 200 622 - 5.620 ms
2020-01-02T07:06:42.065Z - info: OPTIONS /api/member/list 200 4 - 0.295 ms
2020-01-02T07:06:42.108Z - info: POST /api/member/list 200 622 - 6.974 ms
2020-01-02T07:07:29.662Z - info: OPTIONS /api/member/list 200 4 - 0.353 ms
2020-01-02T07:07:29.702Z - info: POST /api/member/list 200 622 - 8.064 ms
2020-01-02T07:07:55.267Z - info: OPTIONS /api/member/list 200 4 - 0.344 ms
2020-01-02T07:07:55.307Z - info: POST /api/member/list 200 622 - 7.754 ms
2020-01-02T07:08:22.523Z - info: OPTIONS /api/member/list 200 4 - 0.228 ms
2020-01-02T07:08:22.562Z - info: POST /api/member/list 200 622 - 7.390 ms
2020-01-02T07:09:02.538Z - info: OPTIONS /api/member/list 200 4 - 0.380 ms
2020-01-02T07:09:02.576Z - info: POST /api/member/list 200 622 - 6.610 ms
2020-01-02T07:09:06.539Z - info: POST /api/member/list 200 622 - 4.059 ms
2020-01-02T07:09:38.845Z - info: OPTIONS /api/member/list 200 4 - 0.828 ms
2020-01-02T07:09:38.882Z - info: POST /api/member/list 200 622 - 6.403 ms
2020-01-02T07:11:13.010Z - info: OPTIONS /api/member/list 200 4 - 0.229 ms
2020-01-02T07:11:13.040Z - info: POST /api/member/list 200 622 - 4.914 ms
2020-01-02T07:11:31.567Z - info: OPTIONS /api/member/list 200 4 - 0.223 ms
2020-01-02T07:11:31.615Z - info: POST /api/member/list 200 622 - 7.134 ms
2020-01-02T07:12:15.006Z - info: OPTIONS /api/member/list 200 4 - 0.275 ms
2020-01-02T07:12:15.053Z - info: POST /api/member/list 200 622 - 8.884 ms
2020-01-02T07:12:23.724Z - info: OPTIONS /api/member/list 200 4 - 0.348 ms
2020-01-02T07:12:23.765Z - info: POST /api/member/list 200 622 - 9.145 ms
2020-01-02T07:12:39.792Z - info: OPTIONS /api/member/del 404 55 - 12.161 ms
2020-01-02T07:13:07.106Z - info: OPTIONS /api/member/list 200 4 - 0.291 ms
2020-01-02T07:13:07.140Z - info: POST /api/member/list 200 622 - 4.792 ms
2020-01-02T07:13:10.575Z - info: OPTIONS /api/member/remove 404 55 - 2.401 ms
2020-01-02T07:13:29.058Z - info: OPTIONS /api/member/list 200 4 - 0.332 ms
2020-01-02T07:13:29.107Z - info: POST /api/member/list 200 622 - 10.042 ms
2020-01-02T07:13:31.950Z - info: OPTIONS /api/member/remove?mid=bf8e64e4-e5c7-4430-a198-610e775100f4 404 55 - 3.007 ms
2020-01-02T07:14:33.971Z - info: OPTIONS /api/member/list 200 4 - 0.255 ms
2020-01-02T07:14:34.033Z - info: POST /api/member/list 200 622 - 5.624 ms
2020-01-02T07:14:40.902Z - info: OPTIONS /api/member/list 200 4 - 0.284 ms
2020-01-02T07:14:40.935Z - info: POST /api/member/list 200 622 - 5.016 ms
2020-01-02T07:14:51.433Z - info: OPTIONS /api/member/list 200 4 - 2.472 ms
2020-01-02T07:14:51.559Z - info: POST /api/member/list 200 622 - 89.325 ms
2020-01-02T07:14:53.053Z - info: POST /api/member/list 200 622 - 4.810 ms
2020-01-02T07:14:57.636Z - info: OPTIONS /api/member/remove?mid=bf8e64e4-e5c7-4430-a198-610e775100f4 200 8 - 0.377 ms
2020-01-02T07:14:57.652Z - info: GET /api/member/remove?mid=bf8e64e4-e5c7-4430-a198-610e775100f4 200 46 - 12.782 ms
2020-01-02T07:17:13.033Z - info: OPTIONS /api/member/list 200 4 - 0.553 ms
2020-01-02T07:17:13.068Z - info: POST /api/member/list 200 345 - 6.826 ms
2020-01-02T07:17:18.293Z - info: OPTIONS /api/member/list 200 4 - 0.271 ms
2020-01-02T07:17:18.340Z - info: POST /api/member/list 200 345 - 7.951 ms
2020-01-02T07:17:47.122Z - info: OPTIONS /api/member/sms/send?phone=15278524724 200 8 - 0.348 ms
2020-01-02T07:17:47.611Z - info: GET /api/member/sms/send?phone=15278524724 304  - 483.535 ms
2020-01-02T07:18:14.329Z - info: OPTIONS /api/member/create 200 4 - 0.285 ms
2020-01-02T07:18:14.354Z - info: POST /api/member/create 200 317 - 21.563 ms
2020-01-02T07:18:27.477Z - info: OPTIONS /api/member/list 200 4 - 0.230 ms
2020-01-02T07:18:27.518Z - info: POST /api/member/list 200 609 - 9.987 ms
2020-01-02T07:18:32.457Z - info: POST /api/member/list 200 609 - 4.526 ms
2020-01-02T07:18:34.364Z - info: OPTIONS /api/member/remove?mid=79caf796-4d4f-427c-892f-e4d693d9a5c7 200 8 - 0.307 ms
2020-01-02T07:18:34.374Z - info: GET /api/member/remove?mid=79caf796-4d4f-427c-892f-e4d693d9a5c7 200 46 - 7.456 ms
2020-01-02T07:18:34.382Z - info: OPTIONS /api/member/list 200 4 - 0.307 ms
2020-01-02T07:18:34.393Z - info: POST /api/member/list 200 345 - 4.320 ms
2020-01-02T07:18:36.389Z - info: POST /api/member/list 200 345 - 4.409 ms
2020-01-02T07:20:24.280Z - info: OPTIONS /api/member/list 200 4 - 0.234 ms
2020-01-02T07:20:24.329Z - info: POST /api/member/list 200 345 - 5.637 ms
2020-01-02T07:20:28.879Z - info: POST /api/member/list 200 345 - 4.106 ms
2020-01-02T07:20:34.372Z - info: OPTIONS /api/member/list 200 4 - 0.267 ms
2020-01-02T07:20:34.402Z - info: POST /api/member/list 200 345 - 4.852 ms
2020-01-02T07:30:48.217Z - error: uncaughtException: Could not find a valid build in the 'E:\WebstormProjects\app-backend-test\.next' directory! Try building your app with 'next build' before starting the server. date=Thu Jan 02 2020 15:30:48 GMT+0800 (GMT+08:00), pid=11176, uid=null, gid=null, cwd=E:\WebstormProjects\app-backend-test, execPath=C:\Program Files\nodejs\node.exe, version=v12.13.1, argv=[C:\Program Files\nodejs\node.exe, E:\WebstormProjects\app-backend-test\node_modules\pm2\lib\ProcessContainerFork.js], rss=40124416, heapTotal=19496960, heapUsed=10987160, external=1258132, loadavg=[0, 0, 0], uptime=280900, trace=[column=23, file=E:\WebstormProjects\app-backend-test\node_modules\next\dist\next-server\server\next-server.js, function=Server.readBuildId, line=529, method=readBuildId, native=false, column=29, file=E:\WebstormProjects\app-backend-test\node_modules\next\dist\next-server\server\next-server.js, function=new Server, line=48, method=null, native=false, column=133, file=E:\WebstormProjects\app-backend-test\node_modules\next\dist\server\next.js, function=createServer, line=2, method=null, native=false, column=18, file=E:\WebstormProjects\app-backend-test\server\app.js, function=null, line=30, method=null, native=false, column=3, file=E:\WebstormProjects\app-backend-test\server\app.js, function=null, line=45, method=null, native=false, column=30, file=internal/modules/cjs/loader.js, function=Module._compile, line=959, method=_compile, native=false, column=10, file=internal/modules/cjs/loader.js, function=Module._extensions..js, line=995, method=.js, native=false, column=32, file=internal/modules/cjs/loader.js, function=Module.load, line=815, method=load, native=false, column=14, file=internal/modules/cjs/loader.js, function=Module._load, line=727, method=_load, native=false, column=19, file=internal/modules/cjs/loader.js, function=Module.require, line=852, method=require, native=false], stack=[Error: Could not find a valid build in the 'E:\WebstormProjects\app-backend-test\.next' directory! Try building your app with 'next build' before starting the server.,     at Server.readBuildId (E:\WebstormProjects\app-backend-test\node_modules\next\dist\next-server\server\next-server.js:529:23),     at new Server (E:\WebstormProjects\app-backend-test\node_modules\next\dist\next-server\server\next-server.js:48:29),     at createServer (E:\WebstormProjects\app-backend-test\node_modules\next\dist\server\next.js:2:133),     at E:\WebstormProjects\app-backend-test\server\app.js:30:18,     at Object.<anonymous> (E:\WebstormProjects\app-backend-test\server\app.js:45:3),     at Module._compile (internal/modules/cjs/loader.js:959:30),     at Object.Module._extensions..js (internal/modules/cjs/loader.js:995:10),     at Module.load (internal/modules/cjs/loader.js:815:32),     at Function.Module._load (internal/modules/cjs/loader.js:727:14),     at Module.require (internal/modules/cjs/loader.js:852:19)]
2020-01-02T07:30:51.217Z - error: uncaughtException: Could not find a valid build in the 'E:\WebstormProjects\app-backend-test\.next' directory! Try building your app with 'next build' before starting the server. date=Thu Jan 02 2020 15:30:51 GMT+0800 (GMT+08:00), pid=14012, uid=null, gid=null, cwd=E:\WebstormProjects\app-backend-test, execPath=C:\Program Files\nodejs\node.exe, version=v12.13.1, argv=[C:\Program Files\nodejs\node.exe, E:\WebstormProjects\app-backend-test\node_modules\pm2\lib\ProcessContainerFork.js], rss=40312832, heapTotal=19234816, heapUsed=10843072, external=1258132, loadavg=[0, 0, 0], uptime=280903, trace=[column=23, file=E:\WebstormProjects\app-backend-test\node_modules\next\dist\next-server\server\next-server.js, function=Server.readBuildId, line=529, method=readBuildId, native=false, column=29, file=E:\WebstormProjects\app-backend-test\node_modules\next\dist\next-server\server\next-server.js, function=new Server, line=48, method=null, native=false, column=133, file=E:\WebstormProjects\app-backend-test\node_modules\next\dist\server\next.js, function=createServer, line=2, method=null, native=false, column=18, file=E:\WebstormProjects\app-backend-test\server\app.js, function=null, line=30, method=null, native=false, column=3, file=E:\WebstormProjects\app-backend-test\server\app.js, function=null, line=45, method=null, native=false, column=30, file=internal/modules/cjs/loader.js, function=Module._compile, line=959, method=_compile, native=false, column=10, file=internal/modules/cjs/loader.js, function=Module._extensions..js, line=995, method=.js, native=false, column=32, file=internal/modules/cjs/loader.js, function=Module.load, line=815, method=load, native=false, column=14, file=internal/modules/cjs/loader.js, function=Module._load, line=727, method=_load, native=false, column=19, file=internal/modules/cjs/loader.js, function=Module.require, line=852, method=require, native=false], stack=[Error: Could not find a valid build in the 'E:\WebstormProjects\app-backend-test\.next' directory! Try building your app with 'next build' before starting the server.,     at Server.readBuildId (E:\WebstormProjects\app-backend-test\node_modules\next\dist\next-server\server\next-server.js:529:23),     at new Server (E:\WebstormProjects\app-backend-test\node_modules\next\dist\next-server\server\next-server.js:48:29),     at createServer (E:\WebstormProjects\app-backend-test\node_modules\next\dist\server\next.js:2:133),     at E:\WebstormProjects\app-backend-test\server\app.js:30:18,     at Object.<anonymous> (E:\WebstormProjects\app-backend-test\server\app.js:45:3),     at Module._compile (internal/modules/cjs/loader.js:959:30),     at Object.Module._extensions..js (internal/modules/cjs/loader.js:995:10),     at Module.load (internal/modules/cjs/loader.js:815:32),     at Function.Module._load (internal/modules/cjs/loader.js:727:14),     at Module.require (internal/modules/cjs/loader.js:852:19)]
2020-01-02T07:30:54.335Z - error: uncaughtException: Could not find a valid build in the 'E:\WebstormProjects\app-backend-test\.next' directory! Try building your app with 'next build' before starting the server. date=Thu Jan 02 2020 15:30:54 GMT+0800 (GMT+08:00), pid=13776, uid=null, gid=null, cwd=E:\WebstormProjects\app-backend-test, execPath=C:\Program Files\nodejs\node.exe, version=v12.13.1, argv=[C:\Program Files\nodejs\node.exe, E:\WebstormProjects\app-backend-test\node_modules\pm2\lib\ProcessContainerFork.js], rss=40361984, heapTotal=19496960, heapUsed=10909376, external=1258132, loadavg=[0, 0, 0], uptime=280906, trace=[column=23, file=E:\WebstormProjects\app-backend-test\node_modules\next\dist\next-server\server\next-server.js, function=Server.readBuildId, line=529, method=readBuildId, native=false, column=29, file=E:\WebstormProjects\app-backend-test\node_modules\next\dist\next-server\server\next-server.js, function=new Server, line=48, method=null, native=false, column=133, file=E:\WebstormProjects\app-backend-test\node_modules\next\dist\server\next.js, function=createServer, line=2, method=null, native=false, column=18, file=E:\WebstormProjects\app-backend-test\server\app.js, function=null, line=30, method=null, native=false, column=3, file=E:\WebstormProjects\app-backend-test\server\app.js, function=null, line=45, method=null, native=false, column=30, file=internal/modules/cjs/loader.js, function=Module._compile, line=959, method=_compile, native=false, column=10, file=internal/modules/cjs/loader.js, function=Module._extensions..js, line=995, method=.js, native=false, column=32, file=internal/modules/cjs/loader.js, function=Module.load, line=815, method=load, native=false, column=14, file=internal/modules/cjs/loader.js, function=Module._load, line=727, method=_load, native=false, column=19, file=internal/modules/cjs/loader.js, function=Module.require, line=852, method=require, native=false], stack=[Error: Could not find a valid build in the 'E:\WebstormProjects\app-backend-test\.next' directory! Try building your app with 'next build' before starting the server.,     at Server.readBuildId (E:\WebstormProjects\app-backend-test\node_modules\next\dist\next-server\server\next-server.js:529:23),     at new Server (E:\WebstormProjects\app-backend-test\node_modules\next\dist\next-server\server\next-server.js:48:29),     at createServer (E:\WebstormProjects\app-backend-test\node_modules\next\dist\server\next.js:2:133),     at E:\WebstormProjects\app-backend-test\server\app.js:30:18,     at Object.<anonymous> (E:\WebstormProjects\app-backend-test\server\app.js:45:3),     at Module._compile (internal/modules/cjs/loader.js:959:30),     at Object.Module._extensions..js (internal/modules/cjs/loader.js:995:10),     at Module.load (internal/modules/cjs/loader.js:815:32),     at Function.Module._load (internal/modules/cjs/loader.js:727:14),     at Module.require (internal/modules/cjs/loader.js:852:19)]
2020-01-02T07:30:57.447Z - error: uncaughtException: Could not find a valid build in the 'E:\WebstormProjects\app-backend-test\.next' directory! Try building your app with 'next build' before starting the server. date=Thu Jan 02 2020 15:30:57 GMT+0800 (GMT+08:00), pid=10004, uid=null, gid=null, cwd=E:\WebstormProjects\app-backend-test, execPath=C:\Program Files\nodejs\node.exe, version=v12.13.1, argv=[C:\Program Files\nodejs\node.exe, E:\WebstormProjects\app-backend-test\node_modules\pm2\lib\ProcessContainerFork.js], rss=40308736, heapTotal=19234816, heapUsed=10849392, external=1258132, loadavg=[0, 0, 0], uptime=280909, trace=[column=23, file=E:\WebstormProjects\app-backend-test\node_modules\next\dist\next-server\server\next-server.js, function=Server.readBuildId, line=529, method=readBuildId, native=false, column=29, file=E:\WebstormProjects\app-backend-test\node_modules\next\dist\next-server\server\next-server.js, function=new Server, line=48, method=null, native=false, column=133, file=E:\WebstormProjects\app-backend-test\node_modules\next\dist\server\next.js, function=createServer, line=2, method=null, native=false, column=18, file=E:\WebstormProjects\app-backend-test\server\app.js, function=null, line=30, method=null, native=false, column=3, file=E:\WebstormProjects\app-backend-test\server\app.js, function=null, line=45, method=null, native=false, column=30, file=internal/modules/cjs/loader.js, function=Module._compile, line=959, method=_compile, native=false, column=10, file=internal/modules/cjs/loader.js, function=Module._extensions..js, line=995, method=.js, native=false, column=32, file=internal/modules/cjs/loader.js, function=Module.load, line=815, method=load, native=false, column=14, file=internal/modules/cjs/loader.js, function=Module._load, line=727, method=_load, native=false, column=19, file=internal/modules/cjs/loader.js, function=Module.require, line=852, method=require, native=false], stack=[Error: Could not find a valid build in the 'E:\WebstormProjects\app-backend-test\.next' directory! Try building your app with 'next build' before starting the server.,     at Server.readBuildId (E:\WebstormProjects\app-backend-test\node_modules\next\dist\next-server\server\next-server.js:529:23),     at new Server (E:\WebstormProjects\app-backend-test\node_modules\next\dist\next-server\server\next-server.js:48:29),     at createServer (E:\WebstormProjects\app-backend-test\node_modules\next\dist\server\next.js:2:133),     at E:\WebstormProjects\app-backend-test\server\app.js:30:18,     at Object.<anonymous> (E:\WebstormProjects\app-backend-test\server\app.js:45:3),     at Module._compile (internal/modules/cjs/loader.js:959:30),     at Object.Module._extensions..js (internal/modules/cjs/loader.js:995:10),     at Module.load (internal/modules/cjs/loader.js:815:32),     at Function.Module._load (internal/modules/cjs/loader.js:727:14),     at Module.require (internal/modules/cjs/loader.js:852:19)]
